!SESSION 2016-07-25 01:42:26.938 -----------------------------------------------
eclipse.buildId=unknown
java.version=1.8.0_65
java.vendor=Oracle Corporation
BootLoader constants: OS=win32, ARCH=x86_64, WS=win32, NL=de_DE
Command-line arguments:  -console

!ENTRY org.eclipse.equinox.ds 4 0 2016-07-25 01:42:32.277
!MESSAGE Could not bind a reference of component org.openhab.core.itemregistry. The reference is: Reference[name = ItemProvider, interface = org.openhab.core.items.ItemProvider, policy = dynamic, cardinality = 0..n, target = null, bind = addItemProvider, unbind = removeItemProvider]

!ENTRY org.eclipse.equinox.ds 4 0 2016-07-25 01:42:32.281
!MESSAGE Could not bind a reference of component org.openhab.core.itemregistry. The reference is: Reference[name = ItemProvider, interface = org.openhab.core.items.ItemProvider, policy = dynamic, cardinality = 0..n, target = null, bind = addItemProvider, unbind = removeItemProvider]

!ENTRY org.eclipse.equinox.ds 4 0 2016-07-25 01:42:32.332
!MESSAGE Could not bind a reference of component org.openhab.core.persistence.extensions. The reference is: Reference[name = PersistenceService, interface = org.openhab.core.persistence.PersistenceService, policy = dynamic, cardinality = 0..n, target = null, bind = addPersistenceService, unbind = removePersistenceService]

!ENTRY org.eclipse.equinox.ds 4 0 2016-07-25 01:42:32.335
!MESSAGE Could not bind a reference of component org.openhab.core.persistence.extensions. The reference is: Reference[name = PersistenceService, interface = org.openhab.core.persistence.PersistenceService, policy = dynamic, cardinality = 0..n, target = null, bind = addPersistenceService, unbind = removePersistenceService]

!ENTRY org.eclipse.equinox.ds 4 0 2016-07-25 01:42:33.060
!MESSAGE Could not bind a reference of component org.openhab.core.persistence.manager. The reference is: Reference[name = PersistenceService, interface = org.openhab.core.persistence.PersistenceService, policy = dynamic, cardinality = 0..n, target = null, bind = addPersistenceService, unbind = removePersistenceService]

!ENTRY org.eclipse.equinox.ds 4 0 2016-07-25 01:42:33.067
!MESSAGE Could not bind a reference of component org.openhab.core.persistence.manager. The reference is: Reference[name = PersistenceService, interface = org.openhab.core.persistence.PersistenceService, policy = dynamic, cardinality = 0..n, target = null, bind = addPersistenceService, unbind = removePersistenceService]

!ENTRY org.eclipse.equinox.ds 4 0 2016-07-25 01:42:44.044
!MESSAGE Could not bind a reference of component org.openhab.ui.chart. The reference is: Reference[name = ChartProvider, interface = org.openhab.ui.chart.ChartProvider, policy = dynamic, cardinality = 0..n, target = null, bind = addChartProvider, unbind = removeChartProvider]

!ENTRY org.eclipse.equinox.ds 4 0 2016-07-25 01:42:44.047
!MESSAGE Could not bind a reference of component org.openhab.ui.chart. The reference is: Reference[name = ChartProvider, interface = org.openhab.ui.chart.ChartProvider, policy = dynamic, cardinality = 0..n, target = null, bind = addChartProvider, unbind = removeChartProvider]

!ENTRY org.eclipse.equinox.ds 4 0 2016-07-25 01:42:44.055
!MESSAGE Could not bind a reference of component org.openhab.ui.chart.defaultprovider. The reference is: Reference[name = PersistenceService, interface = org.openhab.core.persistence.PersistenceService, policy = dynamic, cardinality = 0..n, target = null, bind = addPersistenceService, unbind = removePersistenceService]

!ENTRY org.eclipse.equinox.ds 4 0 2016-07-25 01:42:44.058
!MESSAGE Could not bind a reference of component org.openhab.ui.chart.defaultprovider. The reference is: Reference[name = PersistenceService, interface = org.openhab.core.persistence.PersistenceService, policy = dynamic, cardinality = 0..n, target = null, bind = addPersistenceService, unbind = removePersistenceService]

!ENTRY org.eclipse.equinox.ds 4 0 2016-07-25 01:42:44.083
!MESSAGE Could not bind a reference of component org.openhab.ui.webapp.pagerenderer. The reference is: Reference[name = WidgetRenderer, interface = org.openhab.ui.webapp.render.WidgetRenderer, policy = dynamic, cardinality = 0..n, target = null, bind = addWidgetRenderer, unbind = removeWidgetRenderer]

!ENTRY org.eclipse.equinox.ds 4 0 2016-07-25 01:42:44.089
!MESSAGE Could not bind a reference of component org.openhab.ui.webapp.pagerenderer. The reference is: Reference[name = WidgetRenderer, interface = org.openhab.ui.webapp.render.WidgetRenderer, policy = dynamic, cardinality = 0..n, target = null, bind = addWidgetRenderer, unbind = removeWidgetRenderer]
