!SESSION 2016-07-22 23:20:07.434 -----------------------------------------------
eclipse.buildId=unknown
java.version=1.8.0_65
java.vendor=Oracle Corporation
BootLoader constants: OS=win32, ARCH=x86_64, WS=win32, NL=de_DE
Command-line arguments:  -console

!ENTRY org.eclipse.equinox.ds 4 0 2016-07-22 23:20:21.268
!MESSAGE Could not bind a reference of component org.openhab.core.itemregistry. The reference is: Reference[name = ItemProvider, interface = org.openhab.core.items.ItemProvider, policy = dynamic, cardinality = 0..n, target = null, bind = addItemProvider, unbind = removeItemProvider]

!ENTRY org.eclipse.equinox.ds 4 0 2016-07-22 23:20:21.272
!MESSAGE Could not bind a reference of component org.openhab.core.itemregistry. The reference is: Reference[name = ItemProvider, interface = org.openhab.core.items.ItemProvider, policy = dynamic, cardinality = 0..n, target = null, bind = addItemProvider, unbind = removeItemProvider]

!ENTRY org.eclipse.equinox.ds 4 0 2016-07-22 23:20:21.328
!MESSAGE Could not bind a reference of component org.openhab.core.persistence.extensions. The reference is: Reference[name = PersistenceService, interface = org.openhab.core.persistence.PersistenceService, policy = dynamic, cardinality = 0..n, target = null, bind = addPersistenceService, unbind = removePersistenceService]

!ENTRY org.eclipse.equinox.ds 4 0 2016-07-22 23:20:21.332
!MESSAGE Could not bind a reference of component org.openhab.core.persistence.extensions. The reference is: Reference[name = PersistenceService, interface = org.openhab.core.persistence.PersistenceService, policy = dynamic, cardinality = 0..n, target = null, bind = addPersistenceService, unbind = removePersistenceService]

!ENTRY org.eclipse.equinox.ds 4 0 2016-07-22 23:20:22.148
!MESSAGE Could not bind a reference of component org.openhab.core.persistence.manager. The reference is: Reference[name = PersistenceService, interface = org.openhab.core.persistence.PersistenceService, policy = dynamic, cardinality = 0..n, target = null, bind = addPersistenceService, unbind = removePersistenceService]

!ENTRY org.eclipse.equinox.ds 4 0 2016-07-22 23:20:22.152
!MESSAGE Could not bind a reference of component org.openhab.core.persistence.manager. The reference is: Reference[name = PersistenceService, interface = org.openhab.core.persistence.PersistenceService, policy = dynamic, cardinality = 0..n, target = null, bind = addPersistenceService, unbind = removePersistenceService]

!ENTRY org.eclipse.equinox.ds 4 0 2016-07-22 23:20:32.902
!MESSAGE Could not bind a reference of component org.openhab.ui.chart. The reference is: Reference[name = ChartProvider, interface = org.openhab.ui.chart.ChartProvider, policy = dynamic, cardinality = 0..n, target = null, bind = addChartProvider, unbind = removeChartProvider]

!ENTRY org.eclipse.equinox.ds 4 0 2016-07-22 23:20:32.906
!MESSAGE Could not bind a reference of component org.openhab.ui.chart. The reference is: Reference[name = ChartProvider, interface = org.openhab.ui.chart.ChartProvider, policy = dynamic, cardinality = 0..n, target = null, bind = addChartProvider, unbind = removeChartProvider]

!ENTRY org.eclipse.equinox.ds 4 0 2016-07-22 23:20:32.918
!MESSAGE Could not bind a reference of component org.openhab.ui.chart.defaultprovider. The reference is: Reference[name = PersistenceService, interface = org.openhab.core.persistence.PersistenceService, policy = dynamic, cardinality = 0..n, target = null, bind = addPersistenceService, unbind = removePersistenceService]

!ENTRY org.eclipse.equinox.ds 4 0 2016-07-22 23:20:32.926
!MESSAGE Could not bind a reference of component org.openhab.ui.chart.defaultprovider. The reference is: Reference[name = PersistenceService, interface = org.openhab.core.persistence.PersistenceService, policy = dynamic, cardinality = 0..n, target = null, bind = addPersistenceService, unbind = removePersistenceService]

!ENTRY org.eclipse.equinox.ds 4 0 2016-07-22 23:20:32.958
!MESSAGE Could not bind a reference of component org.openhab.ui.webapp.pagerenderer. The reference is: Reference[name = WidgetRenderer, interface = org.openhab.ui.webapp.render.WidgetRenderer, policy = dynamic, cardinality = 0..n, target = null, bind = addWidgetRenderer, unbind = removeWidgetRenderer]

!ENTRY org.eclipse.equinox.ds 4 0 2016-07-22 23:20:32.962
!MESSAGE Could not bind a reference of component org.openhab.ui.webapp.pagerenderer. The reference is: Reference[name = WidgetRenderer, interface = org.openhab.ui.webapp.render.WidgetRenderer, policy = dynamic, cardinality = 0..n, target = null, bind = addWidgetRenderer, unbind = removeWidgetRenderer]
