127.0.0.1 -  -  [31/Dec/2016:17:05:02 +0000] "GET /smartmedicine/rest/medicineinformation/getIntakeTimeInformation HTTP/1.1" 200 1906 
127.0.0.1 -  -  [31/Dec/2016:17:06:00 +0000] "GET /smartmedicine/rest/medicineinformation/getIntakeTimeInformation HTTP/1.1" 200 1906 
127.0.0.1 -  -  [31/Dec/2016:17:07:00 +0000] "GET /smartmedicine/rest/medicineinformation/getIntakeTimeInformation HTTP/1.1" 200 1906 
127.0.0.1 -  -  [31/Dec/2016:17:08:00 +0000] "GET /smartmedicine/rest/medicineinformation/getIntakeTimeInformation HTTP/1.1" 500 6073 
127.0.0.1 -  -  [31/Dec/2016:17:09:00 +0000] "GET /smartmedicine/rest/medicineinformation/getIntakeTimeInformation HTTP/1.1" 404 1566 
0:0:0:0:0:0:0:1 -  -  [31/Dec/2016:17:09:55 +0000] "GET /smartmedicine/start.html HTTP/1.1" 200 1382 
0:0:0:0:0:0:0:1 -  -  [31/Dec/2016:17:09:58 +0000] "GET /smartmedicine/css/medikamentenVerwalten.css HTTP/1.1" 200 834 
0:0:0:0:0:0:0:1 -  -  [31/Dec/2016:17:09:58 +0000] "GET /smartmedicine/css/bootstrap.min.css HTTP/1.1" 200 114011 
0:0:0:0:0:0:0:1 -  -  [31/Dec/2016:17:09:58 +0000] "GET /smartmedicine/js/navigation1.js HTTP/1.1" 200 2116 
0:0:0:0:0:0:0:1 -  -  [31/Dec/2016:17:09:58 +0000] "GET /smartmedicine/img/medikamente_logo.png HTTP/1.1" 200 6596 
0:0:0:0:0:0:0:1 -  -  [31/Dec/2016:17:09:58 +0000] "GET /smartmedicine/img/einstellungen_logo.png HTTP/1.1" 200 3567 
0:0:0:0:0:0:0:1 -  -  [31/Dec/2016:17:09:59 +0000] "GET /favicon.ico HTTP/1.1" 404 1410 
0:0:0:0:0:0:0:1 -  -  [31/Dec/2016:17:10:04 +0000] "GET /smartmedicine/manageMedicine.html HTTP/1.1" 200 2069 
0:0:0:0:0:0:0:1 -  -  [31/Dec/2016:17:10:05 +0000] "GET /smartmedicine/css/main.css HTTP/1.1" 200 514 
0:0:0:0:0:0:0:1 -  -  [31/Dec/2016:17:10:05 +0000] "GET /smartmedicine/css/timedropper.css HTTP/1.1" 200 10357 
0:0:0:0:0:0:0:1 -  -  [31/Dec/2016:17:10:05 +0000] "GET /smartmedicine/img/hinzufuegen_logo.png HTTP/1.1" 200 3131 
0:0:0:0:0:0:0:1 -  -  [31/Dec/2016:17:10:05 +0000] "GET /smartmedicine/img/uebersicht_logo.png HTTP/1.1" 200 4652 
0:0:0:0:0:0:0:1 -  -  [31/Dec/2016:17:10:05 +0000] "GET /smartmedicine/img/bearbeiten_logo.png HTTP/1.1" 200 3937 
0:0:0:0:0:0:0:1 -  -  [31/Dec/2016:17:10:05 +0000] "GET /smartmedicine/img/loeschen_logo.png HTTP/1.1" 200 3515 
0:0:0:0:0:0:0:1 -  -  [31/Dec/2016:17:10:10 +0000] "GET /smartmedicine/deleteMedicine.html HTTP/1.1" 200 1104 
0:0:0:0:0:0:0:1 -  -  [31/Dec/2016:17:10:11 +0000] "GET /smartmedicine/js/smartmedicine.js HTTP/1.1" 200 33131 
0:0:0:0:0:0:0:1 -  -  [31/Dec/2016:17:10:12 +0000] "GET /smartmedicine/rest/medicineinformation/getMedicineInformation HTTP/1.1" 200 148 
0:0:0:0:0:0:0:1 -  -  [31/Dec/2016:17:10:14 +0000] "GET /smartmedicine/rest/medicineinformation/getIntakeTimeByMedicineID/51 HTTP/1.1" 200 367 
0:0:0:0:0:0:0:1 -  -  [31/Dec/2016:17:10:14 +0000] "GET /smartmedicine/rest/medicineinformation/getIntakeTimeByMedicineID/52 HTTP/1.1" 200 484 
0:0:0:0:0:0:0:1 -  -  [31/Dec/2016:17:10:14 +0000] "GET /smartmedicine/img/calendar_2.png HTTP/1.1" 200 981 
0:0:0:0:0:0:0:1 -  -  [31/Dec/2016:17:10:15 +0000] "GET /smartmedicine/img/delete_icon.png HTTP/1.1" 200 7886 
127.0.0.1 -  -  [31/Dec/2016:17:11:01 +0000] "GET /smartmedicine/rest/medicineinformation/getIntakeTimeInformation HTTP/1.1" 200 1906 
127.0.0.1 -  -  [31/Dec/2016:17:12:00 +0000] "GET /smartmedicine/rest/medicineinformation/getIntakeTimeInformation HTTP/1.1" 200 1090 
0:0:0:0:0:0:0:1 -  -  [31/Dec/2016:17:12:01 +0000] "GET /smartmedicine/deleteMedicine.html HTTP/1.1" 304 0 
0:0:0:0:0:0:0:1 -  -  [31/Dec/2016:17:12:02 +0000] "GET /smartmedicine/js/smartmedicine.js HTTP/1.1" 304 0 
0:0:0:0:0:0:0:1 -  -  [31/Dec/2016:17:12:02 +0000] "GET /smartmedicine/rest/medicineinformation/getMedicineInformation HTTP/1.1" 200 575 
0:0:0:0:0:0:0:1 -  -  [31/Dec/2016:17:12:03 +0000] "GET /smartmedicine/rest/medicineinformation/getIntakeTimeByMedicineID/68 HTTP/1.1" 200 17 
0:0:0:0:0:0:0:1 -  -  [31/Dec/2016:17:12:03 +0000] "GET /smartmedicine/rest/medicineinformation/getIntakeTimeByMedicineID/69 HTTP/1.1" 200 17 
0:0:0:0:0:0:0:1 -  -  [31/Dec/2016:17:12:03 +0000] "GET /smartmedicine/rest/medicineinformation/getIntakeTimeByMedicineID/70 HTTP/1.1" 200 17 
0:0:0:0:0:0:0:1 -  -  [31/Dec/2016:17:12:03 +0000] "GET /smartmedicine/rest/medicineinformation/getIntakeTimeByMedicineID/71 HTTP/1.1" 200 17 
0:0:0:0:0:0:0:1 -  -  [31/Dec/2016:17:12:03 +0000] "GET /smartmedicine/rest/medicineinformation/getIntakeTimeByMedicineID/72 HTTP/1.1" 200 17 
0:0:0:0:0:0:0:1 -  -  [31/Dec/2016:17:12:03 +0000] "GET /smartmedicine/rest/medicineinformation/getIntakeTimeByMedicineID/73 HTTP/1.1" 200 17 
0:0:0:0:0:0:0:1 -  -  [31/Dec/2016:17:12:03 +0000] "GET /smartmedicine/rest/medicineinformation/getIntakeTimeByMedicineID/74 HTTP/1.1" 200 17 
0:0:0:0:0:0:0:1 -  -  [31/Dec/2016:17:12:03 +0000] "GET /smartmedicine/rest/medicineinformation/getIntakeTimeByMedicineID/75 HTTP/1.1" 200 17 
127.0.0.1 -  -  [31/Dec/2016:17:13:00 +0000] "GET /smartmedicine/rest/medicineinformation/getIntakeTimeInformation HTTP/1.1" 200 1090 
127.0.0.1 -  -  [31/Dec/2016:17:14:00 +0000] "GET /smartmedicine/rest/medicineinformation/getIntakeTimeInformation HTTP/1.1" 200 1090 
127.0.0.1 -  -  [31/Dec/2016:17:15:00 +0000] "GET /smartmedicine/rest/medicineinformation/getIntakeTimeInformation HTTP/1.1" 200 1090 
127.0.0.1 -  -  [31/Dec/2016:17:16:00 +0000] "GET /smartmedicine/rest/medicineinformation/getIntakeTimeInformation HTTP/1.1" 404 1566 
127.0.0.1 -  -  [31/Dec/2016:17:17:02 +0000] "GET /smartmedicine/rest/medicineinformation/getIntakeTimeInformation HTTP/1.1" 200 1090 
0:0:0:0:0:0:0:1 -  -  [31/Dec/2016:17:17:18 +0000] "GET /smartmedicine/css/medikamentenVerwalten.css HTTP/1.1" 304 0 
0:0:0:0:0:0:0:1 -  -  [31/Dec/2016:17:17:20 +0000] "GET /smartmedicine/deleteMedicine.html HTTP/1.1" 304 0 
0:0:0:0:0:0:0:1 -  -  [31/Dec/2016:17:17:21 +0000] "GET /smartmedicine/js/smartmedicine.js HTTP/1.1" 200 33131 
0:0:0:0:0:0:0:1 -  -  [31/Dec/2016:17:17:21 +0000] "GET /smartmedicine/rest/medicineinformation/getMedicineInformation HTTP/1.1" 200 575 
0:0:0:0:0:0:0:1 -  -  [31/Dec/2016:17:17:22 +0000] "GET /smartmedicine/rest/medicineinformation/getIntakeTimeByMedicineID/68 HTTP/1.1" 200 17 
0:0:0:0:0:0:0:1 -  -  [31/Dec/2016:17:17:22 +0000] "GET /smartmedicine/rest/medicineinformation/getIntakeTimeByMedicineID/69 HTTP/1.1" 200 17 
0:0:0:0:0:0:0:1 -  -  [31/Dec/2016:17:17:22 +0000] "GET /smartmedicine/rest/medicineinformation/getIntakeTimeByMedicineID/70 HTTP/1.1" 200 17 
0:0:0:0:0:0:0:1 -  -  [31/Dec/2016:17:17:22 +0000] "GET /smartmedicine/rest/medicineinformation/getIntakeTimeByMedicineID/71 HTTP/1.1" 200 17 
0:0:0:0:0:0:0:1 -  -  [31/Dec/2016:17:17:22 +0000] "GET /smartmedicine/rest/medicineinformation/getIntakeTimeByMedicineID/72 HTTP/1.1" 200 17 
0:0:0:0:0:0:0:1 -  -  [31/Dec/2016:17:17:22 +0000] "GET /smartmedicine/rest/medicineinformation/getIntakeTimeByMedicineID/73 HTTP/1.1" 200 17 
0:0:0:0:0:0:0:1 -  -  [31/Dec/2016:17:17:22 +0000] "GET /smartmedicine/rest/medicineinformation/getIntakeTimeByMedicineID/74 HTTP/1.1" 200 17 
0:0:0:0:0:0:0:1 -  -  [31/Dec/2016:17:17:22 +0000] "GET /smartmedicine/rest/medicineinformation/getIntakeTimeByMedicineID/75 HTTP/1.1" 200 17 
127.0.0.1 -  -  [31/Dec/2016:17:18:00 +0000] "GET /smartmedicine/rest/medicineinformation/getIntakeTimeInformation HTTP/1.1" 200 1090 
127.0.0.1 -  -  [31/Dec/2016:17:19:00 +0000] "GET /smartmedicine/rest/medicineinformation/getIntakeTimeInformation HTTP/1.1" 200 1090 
127.0.0.1 -  -  [31/Dec/2016:17:20:00 +0000] "GET /smartmedicine/rest/medicineinformation/getIntakeTimeInformation HTTP/1.1" 200 1090 
0:0:0:0:0:0:0:1 -  -  [31/Dec/2016:17:21:49 +0000] "GET /smartmedicine/deleteMedicine.html HTTP/1.1" 200 1103 
0:0:0:0:0:0:0:1 -  -  [31/Dec/2016:17:21:49 +0000] "GET /smartmedicine/js/smartmedicine.js HTTP/1.1" 304 0 
0:0:0:0:0:0:0:1 -  -  [31/Dec/2016:17:21:50 +0000] "GET /smartmedicine/rest/medicineinformation/getMedicineInformation HTTP/1.1" 200 575 
0:0:0:0:0:0:0:1 -  -  [31/Dec/2016:17:21:52 +0000] "GET /smartmedicine/rest/medicineinformation/getIntakeTimeByMedicineID/68 HTTP/1.1" 200 17 
0:0:0:0:0:0:0:1 -  -  [31/Dec/2016:17:21:52 +0000] "GET /smartmedicine/rest/medicineinformation/getIntakeTimeByMedicineID/69 HTTP/1.1" 200 17 
0:0:0:0:0:0:0:1 -  -  [31/Dec/2016:17:21:53 +0000] "GET /smartmedicine/rest/medicineinformation/getIntakeTimeByMedicineID/70 HTTP/1.1" 200 17 
0:0:0:0:0:0:0:1 -  -  [31/Dec/2016:17:21:53 +0000] "GET /smartmedicine/rest/medicineinformation/getIntakeTimeByMedicineID/71 HTTP/1.1" 200 17 
0:0:0:0:0:0:0:1 -  -  [31/Dec/2016:17:21:53 +0000] "GET /smartmedicine/rest/medicineinformation/getIntakeTimeByMedicineID/72 HTTP/1.1" 200 17 
0:0:0:0:0:0:0:1 -  -  [31/Dec/2016:17:21:53 +0000] "GET /smartmedicine/rest/medicineinformation/getIntakeTimeByMedicineID/73 HTTP/1.1" 200 17 
0:0:0:0:0:0:0:1 -  -  [31/Dec/2016:17:21:53 +0000] "GET /smartmedicine/rest/medicineinformation/getIntakeTimeByMedicineID/74 HTTP/1.1" 200 17 
0:0:0:0:0:0:0:1 -  -  [31/Dec/2016:17:21:53 +0000] "GET /smartmedicine/rest/medicineinformation/getIntakeTimeByMedicineID/75 HTTP/1.1" 200 17 
127.0.0.1 -  -  [31/Dec/2016:17:23:02 +0000] "GET /smartmedicine/rest/medicineinformation/getIntakeTimeInformation HTTP/1.1" 200 1090 
127.0.0.1 -  -  [31/Dec/2016:17:24:00 +0000] "GET /smartmedicine/rest/medicineinformation/getIntakeTimeInformation HTTP/1.1" 200 1090 
0:0:0:0:0:0:0:1 -  -  [31/Dec/2016:17:24:48 +0000] "GET /smartmedicine/css/medikamentenVerwalten.css HTTP/1.1" 304 0 
0:0:0:0:0:0:0:1 -  -  [31/Dec/2016:17:24:54 +0000] "GET /smartmedicine/deleteMedicine.html HTTP/1.1" 304 0 
0:0:0:0:0:0:0:1 -  -  [31/Dec/2016:17:24:55 +0000] "GET /smartmedicine/js/smartmedicine.js HTTP/1.1" 304 0 
0:0:0:0:0:0:0:1 -  -  [31/Dec/2016:17:24:56 +0000] "GET /smartmedicine/rest/medicineinformation/getMedicineInformation HTTP/1.1" 200 575 
0:0:0:0:0:0:0:1 -  -  [31/Dec/2016:17:24:56 +0000] "GET /smartmedicine/rest/medicineinformation/getIntakeTimeByMedicineID/68 HTTP/1.1" 200 17 
0:0:0:0:0:0:0:1 -  -  [31/Dec/2016:17:24:56 +0000] "GET /smartmedicine/rest/medicineinformation/getIntakeTimeByMedicineID/69 HTTP/1.1" 200 17 
0:0:0:0:0:0:0:1 -  -  [31/Dec/2016:17:24:56 +0000] "GET /smartmedicine/rest/medicineinformation/getIntakeTimeByMedicineID/70 HTTP/1.1" 200 17 
0:0:0:0:0:0:0:1 -  -  [31/Dec/2016:17:24:56 +0000] "GET /smartmedicine/rest/medicineinformation/getIntakeTimeByMedicineID/71 HTTP/1.1" 200 17 
0:0:0:0:0:0:0:1 -  -  [31/Dec/2016:17:24:56 +0000] "GET /smartmedicine/rest/medicineinformation/getIntakeTimeByMedicineID/72 HTTP/1.1" 200 17 
0:0:0:0:0:0:0:1 -  -  [31/Dec/2016:17:24:56 +0000] "GET /smartmedicine/rest/medicineinformation/getIntakeTimeByMedicineID/73 HTTP/1.1" 200 17 
0:0:0:0:0:0:0:1 -  -  [31/Dec/2016:17:24:56 +0000] "GET /smartmedicine/rest/medicineinformation/getIntakeTimeByMedicineID/74 HTTP/1.1" 200 17 
0:0:0:0:0:0:0:1 -  -  [31/Dec/2016:17:24:56 +0000] "GET /smartmedicine/rest/medicineinformation/getIntakeTimeByMedicineID/75 HTTP/1.1" 200 17 
127.0.0.1 -  -  [31/Dec/2016:17:25:00 +0000] "GET /smartmedicine/rest/medicineinformation/getIntakeTimeInformation HTTP/1.1" 200 1090 
0:0:0:0:0:0:0:1 -  -  [31/Dec/2016:17:25:23 +0000] "GET /smartmedicine/rest/medicineinformation/getMedicineInformation HTTP/1.1" 200 575 
0:0:0:0:0:0:0:1 -  -  [31/Dec/2016:17:25:23 +0000] "GET /smartmedicine/rest/medicineinformation/getIntakeTimeByMedicineID/68 HTTP/1.1" 200 17 
0:0:0:0:0:0:0:1 -  -  [31/Dec/2016:17:25:23 +0000] "GET /smartmedicine/rest/medicineinformation/getIntakeTimeByMedicineID/69 HTTP/1.1" 200 17 
0:0:0:0:0:0:0:1 -  -  [31/Dec/2016:17:25:23 +0000] "GET /smartmedicine/rest/medicineinformation/getIntakeTimeByMedicineID/70 HTTP/1.1" 200 17 
0:0:0:0:0:0:0:1 -  -  [31/Dec/2016:17:25:23 +0000] "GET /smartmedicine/rest/medicineinformation/getIntakeTimeByMedicineID/71 HTTP/1.1" 200 17 
0:0:0:0:0:0:0:1 -  -  [31/Dec/2016:17:25:23 +0000] "GET /smartmedicine/rest/medicineinformation/getIntakeTimeByMedicineID/72 HTTP/1.1" 200 17 
0:0:0:0:0:0:0:1 -  -  [31/Dec/2016:17:25:23 +0000] "GET /smartmedicine/rest/medicineinformation/getIntakeTimeByMedicineID/73 HTTP/1.1" 200 17 
0:0:0:0:0:0:0:1 -  -  [31/Dec/2016:17:25:23 +0000] "GET /smartmedicine/rest/medicineinformation/getIntakeTimeByMedicineID/74 HTTP/1.1" 200 17 
0:0:0:0:0:0:0:1 -  -  [31/Dec/2016:17:25:23 +0000] "GET /smartmedicine/rest/medicineinformation/getIntakeTimeByMedicineID/75 HTTP/1.1" 200 17 
0:0:0:0:0:0:0:1 -  -  [31/Dec/2016:17:25:46 +0000] "DELETE /smartmedicine/rest/medicineinformation/deleteMedicineInformation/68 HTTP/1.1" 204 0 
0:0:0:0:0:0:0:1 -  -  [31/Dec/2016:17:25:46 +0000] "GET /smartmedicine/deleteMedicine.html HTTP/1.1" 304 0 
0:0:0:0:0:0:0:1 -  -  [31/Dec/2016:17:25:47 +0000] "GET /smartmedicine/rest/medicineinformation/getMedicineInformation HTTP/1.1" 200 501 
0:0:0:0:0:0:0:1 -  -  [31/Dec/2016:17:25:47 +0000] "GET /smartmedicine/rest/medicineinformation/getIntakeTimeByMedicineID/69 HTTP/1.1" 200 17 
0:0:0:0:0:0:0:1 -  -  [31/Dec/2016:17:25:47 +0000] "GET /smartmedicine/rest/medicineinformation/getIntakeTimeByMedicineID/70 HTTP/1.1" 200 17 
0:0:0:0:0:0:0:1 -  -  [31/Dec/2016:17:25:47 +0000] "GET /smartmedicine/rest/medicineinformation/getIntakeTimeByMedicineID/71 HTTP/1.1" 200 17 
0:0:0:0:0:0:0:1 -  -  [31/Dec/2016:17:25:47 +0000] "GET /smartmedicine/rest/medicineinformation/getIntakeTimeByMedicineID/72 HTTP/1.1" 200 17 
0:0:0:0:0:0:0:1 -  -  [31/Dec/2016:17:25:48 +0000] "GET /smartmedicine/rest/medicineinformation/getIntakeTimeByMedicineID/73 HTTP/1.1" 200 17 
0:0:0:0:0:0:0:1 -  -  [31/Dec/2016:17:25:48 +0000] "GET /smartmedicine/rest/medicineinformation/getIntakeTimeByMedicineID/74 HTTP/1.1" 200 17 
0:0:0:0:0:0:0:1 -  -  [31/Dec/2016:17:25:48 +0000] "GET /smartmedicine/rest/medicineinformation/getIntakeTimeByMedicineID/75 HTTP/1.1" 200 17 
0:0:0:0:0:0:0:1 -  -  [31/Dec/2016:17:25:51 +0000] "DELETE /smartmedicine/rest/medicineinformation/deleteMedicineInformation/75 HTTP/1.1" 204 0 
0:0:0:0:0:0:0:1 -  -  [31/Dec/2016:17:25:53 +0000] "GET /smartmedicine/rest/medicineinformation/getMedicineInformation HTTP/1.1" 200 435 
0:0:0:0:0:0:0:1 -  -  [31/Dec/2016:17:25:53 +0000] "GET /smartmedicine/rest/medicineinformation/getIntakeTimeByMedicineID/69 HTTP/1.1" 200 17 
0:0:0:0:0:0:0:1 -  -  [31/Dec/2016:17:25:53 +0000] "GET /smartmedicine/rest/medicineinformation/getIntakeTimeByMedicineID/70 HTTP/1.1" 200 17 
0:0:0:0:0:0:0:1 -  -  [31/Dec/2016:17:25:53 +0000] "GET /smartmedicine/rest/medicineinformation/getIntakeTimeByMedicineID/71 HTTP/1.1" 200 17 
0:0:0:0:0:0:0:1 -  -  [31/Dec/2016:17:25:53 +0000] "GET /smartmedicine/rest/medicineinformation/getIntakeTimeByMedicineID/72 HTTP/1.1" 200 17 
0:0:0:0:0:0:0:1 -  -  [31/Dec/2016:17:25:53 +0000] "GET /smartmedicine/rest/medicineinformation/getIntakeTimeByMedicineID/73 HTTP/1.1" 200 17 
0:0:0:0:0:0:0:1 -  -  [31/Dec/2016:17:25:53 +0000] "GET /smartmedicine/rest/medicineinformation/getIntakeTimeByMedicineID/74 HTTP/1.1" 200 17 
127.0.0.1 -  -  [31/Dec/2016:17:26:00 +0000] "GET /smartmedicine/rest/medicineinformation/getIntakeTimeInformation HTTP/1.1" 200 1090 
127.0.0.1 -  -  [31/Dec/2016:17:27:00 +0000] "GET /smartmedicine/rest/medicineinformation/getIntakeTimeInformation HTTP/1.1" 200 1090 
127.0.0.1 -  -  [31/Dec/2016:17:28:00 +0000] "GET /smartmedicine/rest/medicineinformation/getIntakeTimeInformation HTTP/1.1" 200 1090 
127.0.0.1 -  -  [31/Dec/2016:17:29:00 +0000] "GET /smartmedicine/rest/medicineinformation/getIntakeTimeInformation HTTP/1.1" 200 1090 
127.0.0.1 -  -  [31/Dec/2016:17:30:00 +0000] "GET /smartmedicine/rest/medicineinformation/getIntakeTimeInformation HTTP/1.1" 200 1090 
127.0.0.1 -  -  [31/Dec/2016:17:31:00 +0000] "GET /smartmedicine/rest/medicineinformation/getIntakeTimeInformation HTTP/1.1" 200 1090 
127.0.0.1 -  -  [31/Dec/2016:17:33:02 +0000] "GET /smartmedicine/rest/medicineinformation/getIntakeTimeInformation HTTP/1.1" 200 1090 
0:0:0:0:0:0:0:1 -  -  [31/Dec/2016:17:34:57 +0000] "GET /smartmedicine/start.html HTTP/1.1" 304 0 
0:0:0:0:0:0:0:1 -  -  [31/Dec/2016:17:34:58 +0000] "GET /smartmedicine/css/medikamentenVerwalten.css HTTP/1.1" 200 833 
0:0:0:0:0:0:0:1 -  -  [31/Dec/2016:17:34:58 +0000] "GET /smartmedicine/js/navigation1.js HTTP/1.1" 304 0 
0:0:0:0:0:0:0:1 -  -  [31/Dec/2016:17:35:00 +0000] "GET /favicon.ico HTTP/1.1" 404 1410 
0:0:0:0:0:0:0:1 -  -  [31/Dec/2016:17:35:04 +0000] "GET /smartmedicine/manageMedicine.html HTTP/1.1" 304 0 
0:0:0:0:0:0:0:1 -  -  [31/Dec/2016:17:35:12 +0000] "GET /smartmedicine/deleteMedicine.html HTTP/1.1" 200 1104 
0:0:0:0:0:0:0:1 -  -  [31/Dec/2016:17:35:13 +0000] "GET /smartmedicine/js/smartmedicine.js HTTP/1.1" 304 0 
0:0:0:0:0:0:0:1 -  -  [31/Dec/2016:17:35:14 +0000] "GET /smartmedicine/rest/medicineinformation/getMedicineInformation HTTP/1.1" 200 435 
0:0:0:0:0:0:0:1 -  -  [31/Dec/2016:17:35:15 +0000] "GET /smartmedicine/rest/medicineinformation/getIntakeTimeByMedicineID/69 HTTP/1.1" 200 17 
0:0:0:0:0:0:0:1 -  -  [31/Dec/2016:17:35:16 +0000] "GET /smartmedicine/rest/medicineinformation/getIntakeTimeByMedicineID/70 HTTP/1.1" 200 17 
0:0:0:0:0:0:0:1 -  -  [31/Dec/2016:17:35:16 +0000] "GET /smartmedicine/rest/medicineinformation/getIntakeTimeByMedicineID/71 HTTP/1.1" 200 17 
0:0:0:0:0:0:0:1 -  -  [31/Dec/2016:17:35:16 +0000] "GET /smartmedicine/rest/medicineinformation/getIntakeTimeByMedicineID/72 HTTP/1.1" 200 17 
0:0:0:0:0:0:0:1 -  -  [31/Dec/2016:17:35:16 +0000] "GET /smartmedicine/rest/medicineinformation/getIntakeTimeByMedicineID/73 HTTP/1.1" 200 17 
0:0:0:0:0:0:0:1 -  -  [31/Dec/2016:17:35:16 +0000] "GET /smartmedicine/rest/medicineinformation/getIntakeTimeByMedicineID/74 HTTP/1.1" 200 17 
127.0.0.1 -  -  [31/Dec/2016:17:36:02 +0000] "GET /smartmedicine/rest/medicineinformation/getIntakeTimeInformation HTTP/1.1" 200 1090 
0:0:0:0:0:0:0:1 -  -  [31/Dec/2016:17:36:35 +0000] "DELETE /smartmedicine/rest/medicineinformation/deleteMedicineInformation/74 HTTP/1.1" 204 0 
0:0:0:0:0:0:0:1 -  -  [31/Dec/2016:17:36:35 +0000] "GET /smartmedicine/deleteMedicine.html HTTP/1.1" 304 0 
0:0:0:0:0:0:0:1 -  -  [31/Dec/2016:17:36:36 +0000] "GET /smartmedicine/css/medikamentenVerwalten.css HTTP/1.1" 304 0 
0:0:0:0:0:0:0:1 -  -  [31/Dec/2016:17:36:37 +0000] "GET /smartmedicine/rest/medicineinformation/getMedicineInformation HTTP/1.1" 200 365 
0:0:0:0:0:0:0:1 -  -  [31/Dec/2016:17:36:37 +0000] "GET /smartmedicine/rest/medicineinformation/getIntakeTimeByMedicineID/69 HTTP/1.1" 200 17 
0:0:0:0:0:0:0:1 -  -  [31/Dec/2016:17:36:37 +0000] "GET /smartmedicine/rest/medicineinformation/getIntakeTimeByMedicineID/70 HTTP/1.1" 200 17 
0:0:0:0:0:0:0:1 -  -  [31/Dec/2016:17:36:37 +0000] "GET /smartmedicine/rest/medicineinformation/getIntakeTimeByMedicineID/71 HTTP/1.1" 200 17 
0:0:0:0:0:0:0:1 -  -  [31/Dec/2016:17:36:37 +0000] "GET /smartmedicine/rest/medicineinformation/getIntakeTimeByMedicineID/72 HTTP/1.1" 200 17 
0:0:0:0:0:0:0:1 -  -  [31/Dec/2016:17:36:37 +0000] "GET /smartmedicine/rest/medicineinformation/getIntakeTimeByMedicineID/73 HTTP/1.1" 200 17 
127.0.0.1 -  -  [31/Dec/2016:17:37:00 +0000] "GET /smartmedicine/rest/medicineinformation/getIntakeTimeInformation HTTP/1.1" 200 1090 
0:0:0:0:0:0:0:1 -  -  [31/Dec/2016:17:37:04 +0000] "DELETE /smartmedicine/rest/medicineinformation/deleteMedicineInformation/71 HTTP/1.1" 204 0 
0:0:0:0:0:0:0:1 -  -  [31/Dec/2016:17:37:06 +0000] "GET /smartmedicine/rest/medicineinformation/getMedicineInformation HTTP/1.1" 200 295 
0:0:0:0:0:0:0:1 -  -  [31/Dec/2016:17:37:06 +0000] "GET /smartmedicine/rest/medicineinformation/getIntakeTimeByMedicineID/69 HTTP/1.1" 200 17 
0:0:0:0:0:0:0:1 -  -  [31/Dec/2016:17:37:06 +0000] "GET /smartmedicine/rest/medicineinformation/getIntakeTimeByMedicineID/70 HTTP/1.1" 200 17 
0:0:0:0:0:0:0:1 -  -  [31/Dec/2016:17:37:06 +0000] "GET /smartmedicine/rest/medicineinformation/getIntakeTimeByMedicineID/72 HTTP/1.1" 200 17 
0:0:0:0:0:0:0:1 -  -  [31/Dec/2016:17:37:06 +0000] "GET /smartmedicine/rest/medicineinformation/getIntakeTimeByMedicineID/73 HTTP/1.1" 200 17 
127.0.0.1 -  -  [31/Dec/2016:17:38:00 +0000] "GET /smartmedicine/rest/medicineinformation/getIntakeTimeInformation HTTP/1.1" 200 1090 
127.0.0.1 -  -  [31/Dec/2016:17:39:00 +0000] "GET /smartmedicine/rest/medicineinformation/getIntakeTimeInformation HTTP/1.1" 200 1090 
