0:0:0:0:0:0:0:1 -  -  [16/Jan/2017:13:10:50 +0000] "GET /smartmedicine/start.html HTTP/1.1" 200 1526 
0:0:0:0:0:0:0:1 -  -  [16/Jan/2017:13:10:51 +0000] "GET /smartmedicine/css/medikamentenVerwalten.css HTTP/1.1" 200 889 
0:0:0:0:0:0:0:1 -  -  [16/Jan/2017:13:10:51 +0000] "GET /smartmedicine/css/bootstrap.min.css HTTP/1.1" 200 114011 
0:0:0:0:0:0:0:1 -  -  [16/Jan/2017:13:10:51 +0000] "GET /smartmedicine/js/navigation1.js HTTP/1.1" 200 4289 
0:0:0:0:0:0:0:1 -  -  [16/Jan/2017:13:10:51 +0000] "GET /smartmedicine/js/jquery/jquery-1.12.4.js HTTP/1.1" 200 293429 
0:0:0:0:0:0:0:1 -  -  [16/Jan/2017:13:10:51 +0000] "GET /smartmedicine/img/SmartMedicineLogo.png HTTP/1.1" 200 45050 
0:0:0:0:0:0:0:1 -  -  [16/Jan/2017:13:10:51 +0000] "GET /smartmedicine/img/medikamente_logo.png HTTP/1.1" 200 6596 
0:0:0:0:0:0:0:1 -  -  [16/Jan/2017:13:10:51 +0000] "GET /smartmedicine/img/Bezugsquellen_logo.png HTTP/1.1" 200 8039 
0:0:0:0:0:0:0:1 -  -  [16/Jan/2017:13:10:51 +0000] "GET /smartmedicine/img/personen_logo.png HTTP/1.1" 200 3279 
0:0:0:0:0:0:0:1 -  -  [16/Jan/2017:13:10:51 +0000] "GET /smartmedicine/img/einstellungen_logo.png HTTP/1.1" 200 3567 
0:0:0:0:0:0:0:1 -  -  [16/Jan/2017:13:10:52 +0000] "GET /favicon.ico HTTP/1.1" 404 1410 
127.0.0.1 -  -  [16/Jan/2017:13:11:02 +0000] "GET /smartmedicine/rest/medicineinformation/getIntakeTimeInformation HTTP/1.1" 500 6074 
0:0:0:0:0:0:0:1 -  -  [16/Jan/2017:13:11:03 +0000] "GET /smartmedicine/managePsychologicalParent.html HTTP/1.1" 200 1598 
0:0:0:0:0:0:0:1 -  -  [16/Jan/2017:13:11:03 +0000] "GET /smartmedicine/css/main.css HTTP/1.1" 200 514 
0:0:0:0:0:0:0:1 -  -  [16/Jan/2017:13:11:03 +0000] "GET /smartmedicine/img/hinzufuegen_logo.png HTTP/1.1" 200 3131 
0:0:0:0:0:0:0:1 -  -  [16/Jan/2017:13:11:03 +0000] "GET /smartmedicine/img/uebersicht_logo.png HTTP/1.1" 200 4652 
0:0:0:0:0:0:0:1 -  -  [16/Jan/2017:13:11:03 +0000] "GET /smartmedicine/img/bearbeiten_logo.png HTTP/1.1" 200 3937 
0:0:0:0:0:0:0:1 -  -  [16/Jan/2017:13:11:03 +0000] "GET /smartmedicine/img/loeschen_logo.png HTTP/1.1" 200 3515 
0:0:0:0:0:0:0:1 -  -  [16/Jan/2017:13:11:08 +0000] "GET /smartmedicine/psychologicalParent.html HTTP/1.1" 200 4496 
0:0:0:0:0:0:0:1 -  -  [16/Jan/2017:13:11:10 +0000] "GET /smartmedicine/css/addMedicine.css HTTP/1.1" 200 458 
0:0:0:0:0:0:0:1 -  -  [16/Jan/2017:13:11:10 +0000] "GET /smartmedicine/js/bootstrap.min.js HTTP/1.1" 200 34653 
0:0:0:0:0:0:0:1 -  -  [16/Jan/2017:13:11:10 +0000] "GET /smartmedicine/js/smartmedicine.js HTTP/1.1" 200 56740 
0:0:0:0:0:0:0:1 -  -  [16/Jan/2017:13:11:10 +0000] "GET /smartmedicine/img/Kontakt_Personen_hinzufuegen_Header.png HTTP/1.1" 200 8932 
0:0:0:0:0:0:0:1 -  -  [16/Jan/2017:13:11:10 +0000] "GET /smartmedicine/img/weiblich_geschlecht_logo.png HTTP/1.1" 200 1844 
0:0:0:0:0:0:0:1 -  -  [16/Jan/2017:13:11:10 +0000] "GET /smartmedicine/img/maenlich_geschlecht_logo.png HTTP/1.1" 200 1974 
0:0:0:0:0:0:0:1 -  -  [16/Jan/2017:13:11:10 +0000] "GET /smartmedicine/img/JA_logo.png HTTP/1.1" 200 576 
0:0:0:0:0:0:0:1 -  -  [16/Jan/2017:13:11:10 +0000] "GET /smartmedicine/img/NEIN_logo.png HTTP/1.1" 200 475 
0:0:0:0:0:0:0:1 -  -  [16/Jan/2017:13:11:10 +0000] "GET /smartmedicine/img/art_privat_logo.png HTTP/1.1" 200 1385 
0:0:0:0:0:0:0:1 -  -  [16/Jan/2017:13:11:10 +0000] "GET /smartmedicine/img/art_arzt_logo.png HTTP/1.1" 200 1467 
0:0:0:0:0:0:0:1 -  -  [16/Jan/2017:13:11:10 +0000] "GET /smartmedicine/img/art_sonstige_logo.png HTTP/1.1" 200 1986 
0:0:0:0:0:0:0:1 -  -  [16/Jan/2017:13:11:10 +0000] "GET /smartmedicine/img/Information_icon.png HTTP/1.1" 200 39268 
0:0:0:0:0:0:0:1 -  -  [16/Jan/2017:13:11:40 +0000] "GET /smartmedicine/contactPersonOverview.html HTTP/1.1" 200 1599 
0:0:0:0:0:0:0:1 -  -  [16/Jan/2017:13:11:40 +0000] "GET /smartmedicine/css/bootstrap.css HTTP/1.1" 200 134219 
0:0:0:0:0:0:0:1 -  -  [16/Jan/2017:13:11:40 +0000] "GET /smartmedicine/css/datatable/dataTables.bootstrap4.min.css HTTP/1.1" 200 4788 
0:0:0:0:0:0:0:1 -  -  [16/Jan/2017:13:11:40 +0000] "GET /smartmedicine/js/datatable/jquery.dataTables.min.js HTTP/1.1" 200 83045 
0:0:0:0:0:0:0:1 -  -  [16/Jan/2017:13:11:40 +0000] "GET /smartmedicine/js/datatable/dataTables.bootstrap4.min.js HTTP/1.1" 200 2068 
0:0:0:0:0:0:0:1 -  -  [16/Jan/2017:13:11:40 +0000] "GET /smartmedicine/img/Kontakt_Personen_Uebersicht_Header.png HTTP/1.1" 200 7738 
0:0:0:0:0:0:0:1 -  -  [16/Jan/2017:13:11:41 +0000] "GET /smartmedicine/rest/medicineinformation/getContactPerson HTTP/1.1" 500 6049 
0:0:0:0:0:0:0:1 -  -  [16/Jan/2017:13:11:51 +0000] "GET /smartmedicine/editPsychologicalParent.html HTTP/1.1" 200 1648 
0:0:0:0:0:0:0:1 -  -  [16/Jan/2017:13:11:51 +0000] "GET /smartmedicine/img/Kontakt_Personen_Bearbeiten_Header.png HTTP/1.1" 200 7011 
0:0:0:0:0:0:0:1 -  -  [16/Jan/2017:13:11:51 +0000] "GET /smartmedicine/rest/medicineinformation/getContactPerson HTTP/1.1" 500 6049 
0:0:0:0:0:0:0:1 -  -  [16/Jan/2017:13:11:56 +0000] "GET /smartmedicine/rest/medicineinformation/getContactPerson HTTP/1.1" 500 6049 
127.0.0.1 -  -  [16/Jan/2017:13:12:00 +0000] "GET /smartmedicine/rest/medicineinformation/getIntakeTimeInformation HTTP/1.1" 500 6074 
0:0:0:0:0:0:0:1 -  -  [16/Jan/2017:13:12:03 +0000] "GET /smartmedicine/medicineOptionChoice.html HTTP/1.1" 200 1311 
0:0:0:0:0:0:0:1 -  -  [16/Jan/2017:13:12:03 +0000] "GET /smartmedicine/img/Verwalten_logo.png HTTP/1.1" 200 7506 
0:0:0:0:0:0:0:1 -  -  [16/Jan/2017:13:12:03 +0000] "GET /smartmedicine/img/Reisefunktion_Logo.png HTTP/1.1" 200 6717 
0:0:0:0:0:0:0:1 -  -  [16/Jan/2017:13:12:14 +0000] "GET /smartmedicine/manageMedicine.html HTTP/1.1" 200 1589 
0:0:0:0:0:0:0:1 -  -  [16/Jan/2017:13:12:18 +0000] "GET /smartmedicine/medicineOverview.html HTTP/1.1" 200 1534 
0:0:0:0:0:0:0:1 -  -  [16/Jan/2017:13:12:18 +0000] "GET /smartmedicine/img/Medikamenten_uebersicht_header_2.png HTTP/1.1" 200 8227 
0:0:0:0:0:0:0:1 -  -  [16/Jan/2017:13:12:19 +0000] "GET /smartmedicine/rest/medicineinformation/getMedicineInformation HTTP/1.1" 500 6066 
0:0:0:0:0:0:0:1 -  -  [16/Jan/2017:13:12:22 +0000] "GET /smartmedicine/deleteMedicine.html HTTP/1.1" 200 1538 
0:0:0:0:0:0:0:1 -  -  [16/Jan/2017:13:12:23 +0000] "GET /smartmedicine/img/Medikamente_loeschen_header_2.png HTTP/1.1" 200 7682 
0:0:0:0:0:0:0:1 -  -  [16/Jan/2017:13:12:23 +0000] "GET /smartmedicine/rest/medicineinformation/getMedicineInformation HTTP/1.1" 500 6066 
0:0:0:0:0:0:0:1 -  -  [16/Jan/2017:13:12:26 +0000] "GET /smartmedicine/addTypeSelection.html HTTP/1.1" 200 1257 
0:0:0:0:0:0:0:1 -  -  [16/Jan/2017:13:12:26 +0000] "GET /smartmedicine/img/termine_logo.png HTTP/1.1" 200 3541 
0:0:0:0:0:0:0:1 -  -  [16/Jan/2017:13:12:27 +0000] "GET /smartmedicine/addMedicine.html HTTP/1.1" 200 2714 
0:0:0:0:0:0:0:1 -  -  [16/Jan/2017:13:12:28 +0000] "GET /smartmedicine/img/pills-blue.png HTTP/1.1" 200 5046 
0:0:0:0:0:0:0:1 -  -  [16/Jan/2017:13:12:28 +0000] "GET /smartmedicine/img/clock.png HTTP/1.1" 200 125296 
127.0.0.1 -  -  [16/Jan/2017:13:13:00 +0000] "GET /smartmedicine/rest/medicineinformation/getIntakeTimeInformation HTTP/1.1" 500 6074 
0:0:0:0:0:0:0:1 -  -  [16/Jan/2017:13:20:53 +0000] "GET /smartmedicine/addTypeSelection.html HTTP/1.1" 304 0 
0:0:0:0:0:0:0:1 -  -  [16/Jan/2017:13:20:53 +0000] "GET /smartmedicine/css/medikamentenVerwalten.css HTTP/1.1" 304 0 
0:0:0:0:0:0:0:1 -  -  [16/Jan/2017:13:20:53 +0000] "GET /smartmedicine/js/jquery/jquery-1.12.4.js HTTP/1.1" 304 0 
0:0:0:0:0:0:0:1 -  -  [16/Jan/2017:13:20:53 +0000] "GET /smartmedicine/css/bootstrap.min.css HTTP/1.1" 304 0 
0:0:0:0:0:0:0:1 -  -  [16/Jan/2017:13:20:53 +0000] "GET /smartmedicine/js/navigation1.js HTTP/1.1" 304 0 
0:0:0:0:0:0:0:1 -  -  [16/Jan/2017:13:20:53 +0000] "GET /smartmedicine/img/termine_logo.png HTTP/1.1" 304 0 
0:0:0:0:0:0:0:1 -  -  [16/Jan/2017:13:20:53 +0000] "GET /smartmedicine/img/SmartMedicineLogo.png HTTP/1.1" 304 0 
0:0:0:0:0:0:0:1 -  -  [16/Jan/2017:13:20:53 +0000] "GET /smartmedicine/img/medikamente_logo.png HTTP/1.1" 304 0 
0:0:0:0:0:0:0:1 -  -  [16/Jan/2017:13:21:27 +0000] "GET /smartmedicine/start.html HTTP/1.1" 200 1520 
0:0:0:0:0:0:0:1 -  -  [16/Jan/2017:13:21:28 +0000] "GET /smartmedicine/css/bootstrap.min.css HTTP/1.1" 200 114011 
0:0:0:0:0:0:0:1 -  -  [16/Jan/2017:13:21:28 +0000] "GET /smartmedicine/js/navigation1.js HTTP/1.1" 200 4289 
0:0:0:0:0:0:0:1 -  -  [16/Jan/2017:13:21:28 +0000] "GET /smartmedicine/js/jquery/jquery-1.12.4.js HTTP/1.1" 200 293429 
0:0:0:0:0:0:0:1 -  -  [16/Jan/2017:13:21:28 +0000] "GET /smartmedicine/css/medikamentenVerwalten.css HTTP/1.1" 200 889 
0:0:0:0:0:0:0:1 -  -  [16/Jan/2017:13:21:28 +0000] "GET /smartmedicine/img/SmartMedicineLogo.png HTTP/1.1" 200 45050 
0:0:0:0:0:0:0:1 -  -  [16/Jan/2017:13:21:28 +0000] "GET /smartmedicine/img/medikamente_logo.png HTTP/1.1" 200 6596 
0:0:0:0:0:0:0:1 -  -  [16/Jan/2017:13:21:28 +0000] "GET /smartmedicine/img/Bezugsquellen_logo.png HTTP/1.1" 200 8039 
0:0:0:0:0:0:0:1 -  -  [16/Jan/2017:13:21:28 +0000] "GET /smartmedicine/img/personen_logo.png HTTP/1.1" 200 3279 
0:0:0:0:0:0:0:1 -  -  [16/Jan/2017:13:21:28 +0000] "GET /smartmedicine/img/einstellungen_logo.png HTTP/1.1" 200 3567 
0:0:0:0:0:0:0:1 -  -  [16/Jan/2017:13:21:29 +0000] "GET /favicon.ico HTTP/1.1" 404 1410 
0:0:0:0:0:0:0:1 -  -  [16/Jan/2017:13:21:44 +0000] "GET /smartmedicine/managePsychologicalParent.html HTTP/1.1" 200 1598 
0:0:0:0:0:0:0:1 -  -  [16/Jan/2017:13:21:45 +0000] "GET /smartmedicine/css/main.css HTTP/1.1" 200 514 
0:0:0:0:0:0:0:1 -  -  [16/Jan/2017:13:21:45 +0000] "GET /smartmedicine/img/hinzufuegen_logo.png HTTP/1.1" 200 3131 
0:0:0:0:0:0:0:1 -  -  [16/Jan/2017:13:21:45 +0000] "GET /smartmedicine/img/uebersicht_logo.png HTTP/1.1" 200 4652 
0:0:0:0:0:0:0:1 -  -  [16/Jan/2017:13:21:45 +0000] "GET /smartmedicine/img/bearbeiten_logo.png HTTP/1.1" 200 3937 
0:0:0:0:0:0:0:1 -  -  [16/Jan/2017:13:21:45 +0000] "GET /smartmedicine/img/loeschen_logo.png HTTP/1.1" 200 3515 
0:0:0:0:0:0:0:1 -  -  [16/Jan/2017:13:21:49 +0000] "GET /smartmedicine/editPsychologicalParent.html HTTP/1.1" 200 1648 
0:0:0:0:0:0:0:1 -  -  [16/Jan/2017:13:21:50 +0000] "GET /smartmedicine/css/bootstrap.css HTTP/1.1" 200 134219 
0:0:0:0:0:0:0:1 -  -  [16/Jan/2017:13:21:50 +0000] "GET /smartmedicine/js/datatable/jquery.dataTables.min.js HTTP/1.1" 200 83045 
0:0:0:0:0:0:0:1 -  -  [16/Jan/2017:13:21:50 +0000] "GET /smartmedicine/js/smartmedicine.js HTTP/1.1" 200 56740 
0:0:0:0:0:0:0:1 -  -  [16/Jan/2017:13:21:50 +0000] "GET /smartmedicine/js/datatable/dataTables.bootstrap4.min.js HTTP/1.1" 200 2068 
0:0:0:0:0:0:0:1 -  -  [16/Jan/2017:13:21:50 +0000] "GET /smartmedicine/css/datatable/dataTables.bootstrap4.min.css HTTP/1.1" 200 4788 
0:0:0:0:0:0:0:1 -  -  [16/Jan/2017:13:21:50 +0000] "GET /smartmedicine/img/Kontakt_Personen_Bearbeiten_Header.png HTTP/1.1" 200 7011 
0:0:0:0:0:0:0:1 -  -  [16/Jan/2017:13:21:51 +0000] "GET /smartmedicine/rest/medicineinformation/getContactPerson HTTP/1.1" 200 255 
0:0:0:0:0:0:0:1 -  -  [16/Jan/2017:13:21:53 +0000] "GET /smartmedicine/img/edit_icon.png HTTP/1.1" 200 16361 
127.0.0.1 -  -  [16/Jan/2017:13:22:02 +0000] "GET /smartmedicine/rest/medicineinformation/getIntakeTimeInformation HTTP/1.1" 200 5692 
0:0:0:0:0:0:0:1 -  -  [16/Jan/2017:13:22:11 +0000] "GET /smartmedicine/psychologicalParent.html HTTP/1.1" 200 4380 
0:0:0:0:0:0:0:1 -  -  [16/Jan/2017:13:22:12 +0000] "GET /smartmedicine/css/addMedicine.css HTTP/1.1" 200 458 
0:0:0:0:0:0:0:1 -  -  [16/Jan/2017:13:22:12 +0000] "GET /smartmedicine/js/bootstrap.min.js HTTP/1.1" 200 34653 
0:0:0:0:0:0:0:1 -  -  [16/Jan/2017:13:22:12 +0000] "GET /smartmedicine/img/Kontakt_Personen_hinzufuegen_Header.png HTTP/1.1" 200 8932 
0:0:0:0:0:0:0:1 -  -  [16/Jan/2017:13:22:12 +0000] "GET /smartmedicine/img/weiblich_geschlecht_logo.png HTTP/1.1" 200 1844 
0:0:0:0:0:0:0:1 -  -  [16/Jan/2017:13:22:12 +0000] "GET /smartmedicine/img/maenlich_geschlecht_logo.png HTTP/1.1" 200 1974 
0:0:0:0:0:0:0:1 -  -  [16/Jan/2017:13:22:12 +0000] "GET /smartmedicine/img/JA_logo.png HTTP/1.1" 200 576 
0:0:0:0:0:0:0:1 -  -  [16/Jan/2017:13:22:12 +0000] "GET /smartmedicine/img/NEIN_logo.png HTTP/1.1" 200 475 
0:0:0:0:0:0:0:1 -  -  [16/Jan/2017:13:22:12 +0000] "GET /smartmedicine/img/art_privat_logo.png HTTP/1.1" 200 1385 
0:0:0:0:0:0:0:1 -  -  [16/Jan/2017:13:22:12 +0000] "GET /smartmedicine/img/art_arzt_logo.png HTTP/1.1" 200 1467 
0:0:0:0:0:0:0:1 -  -  [16/Jan/2017:13:22:12 +0000] "GET /smartmedicine/img/art_sonstige_logo.png HTTP/1.1" 200 1986 
0:0:0:0:0:0:0:1 -  -  [16/Jan/2017:13:22:12 +0000] "GET /smartmedicine/img/Information_icon.png HTTP/1.1" 200 39268 
127.0.0.1 -  -  [16/Jan/2017:13:23:00 +0000] "GET /smartmedicine/rest/medicineinformation/getIntakeTimeInformation HTTP/1.1" 200 5692 
0:0:0:0:0:0:0:1 -  -  [16/Jan/2017:13:23:16 +0000] "GET /smartmedicine/contactPersonOverview.html HTTP/1.1" 200 1599 
0:0:0:0:0:0:0:1 -  -  [16/Jan/2017:13:23:17 +0000] "GET /smartmedicine/img/Kontakt_Personen_Uebersicht_Header.png HTTP/1.1" 200 7738 
0:0:0:0:0:0:0:1 -  -  [16/Jan/2017:13:23:17 +0000] "GET /smartmedicine/rest/medicineinformation/getContactPerson HTTP/1.1" 200 255 
0:0:0:0:0:0:0:1 -  -  [16/Jan/2017:13:23:18 +0000] "GET /smartmedicine/img/zoom_icon.png HTTP/1.1" 200 7144 
0:0:0:0:0:0:0:1 -  -  [16/Jan/2017:13:23:23 +0000] "GET /smartmedicine/contactPersonInformation.html HTTP/1.1" 200 2495 
0:0:0:0:0:0:0:1 -  -  [16/Jan/2017:13:23:24 +0000] "GET /smartmedicine/img/Kontakt_Personen_Information_Header.png HTTP/1.1" 200 8111 
0:0:0:0:0:0:0:1 -  -  [16/Jan/2017:13:23:24 +0000] "GET /smartmedicine/rest/medicineinformation/getPsychologicalParentByPsychologicalParentID/22 HTTP/1.1" 200 140 
0:0:0:0:0:0:0:1 -  -  [16/Jan/2017:13:23:36 +0000] "GET /smartmedicine/rest/medicineinformation/getContactPerson HTTP/1.1" 200 255 
0:0:0:0:0:0:0:1 -  -  [16/Jan/2017:13:23:42 +0000] "GET /smartmedicine/deleteContactPerson.html HTTP/1.1" 200 1602 
0:0:0:0:0:0:0:1 -  -  [16/Jan/2017:13:23:43 +0000] "GET /smartmedicine/img/Kontakt_Personen_loeschen_Header.png HTTP/1.1" 200 8467 
0:0:0:0:0:0:0:1 -  -  [16/Jan/2017:13:23:43 +0000] "GET /smartmedicine/rest/medicineinformation/getContactPerson HTTP/1.1" 200 255 
0:0:0:0:0:0:0:1 -  -  [16/Jan/2017:13:23:43 +0000] "GET /smartmedicine/img/delete_icon.png HTTP/1.1" 200 7886 
0:0:0:0:0:0:0:1 -  -  [16/Jan/2017:13:23:46 +0000] "DELETE /smartmedicine/rest/medicineinformation/deletePsychologicalPerson/21 HTTP/1.1" 204 0 
0:0:0:0:0:0:0:1 -  -  [16/Jan/2017:13:23:47 +0000] "GET /smartmedicine/rest/medicineinformation/getContactPerson HTTP/1.1" 200 142 
0:0:0:0:0:0:0:1 -  -  [16/Jan/2017:13:23:52 +0000] "GET /smartmedicine/start.html HTTP/1.1" 304 0 
0:0:0:0:0:0:0:1 -  -  [16/Jan/2017:13:23:55 +0000] "GET /smartmedicine/medicineOptionChoice.html HTTP/1.1" 200 1311 
0:0:0:0:0:0:0:1 -  -  [16/Jan/2017:13:23:56 +0000] "GET /smartmedicine/img/Verwalten_logo.png HTTP/1.1" 200 7506 
0:0:0:0:0:0:0:1 -  -  [16/Jan/2017:13:23:56 +0000] "GET /smartmedicine/img/Reisefunktion_Logo.png HTTP/1.1" 200 6717 
0:0:0:0:0:0:0:1 -  -  [16/Jan/2017:13:23:57 +0000] "GET /smartmedicine/manageMedicine.html HTTP/1.1" 200 1589 
127.0.0.1 -  -  [16/Jan/2017:13:24:00 +0000] "GET /smartmedicine/rest/medicineinformation/getIntakeTimeInformation HTTP/1.1" 200 5692 
0:0:0:0:0:0:0:1 -  -  [16/Jan/2017:13:24:02 +0000] "GET /smartmedicine/addTypeSelection.html HTTP/1.1" 200 1257 
0:0:0:0:0:0:0:1 -  -  [16/Jan/2017:13:24:03 +0000] "GET /smartmedicine/img/termine_logo.png HTTP/1.1" 200 3541 
0:0:0:0:0:0:0:1 -  -  [16/Jan/2017:13:24:04 +0000] "GET /smartmedicine/addMedicine.html HTTP/1.1" 200 2714 
0:0:0:0:0:0:0:1 -  -  [16/Jan/2017:13:24:05 +0000] "GET /smartmedicine/img/pills-blue.png HTTP/1.1" 200 5046 
0:0:0:0:0:0:0:1 -  -  [16/Jan/2017:13:24:05 +0000] "GET /smartmedicine/img/clock.png HTTP/1.1" 200 125296 
0:0:0:0:0:0:0:1 -  -  [16/Jan/2017:13:24:33 +0000] "GET /smartmedicine/addMedicine2.html HTTP/1.1" 200 2321 
0:0:0:0:0:0:0:1 -  -  [16/Jan/2017:13:24:45 +0000] "GET /smartmedicine/addIntakeTime.html HTTP/1.1" 200 3819 
0:0:0:0:0:0:0:1 -  -  [16/Jan/2017:13:24:45 +0000] "GET /smartmedicine/css/jquerysctipttop.css HTTP/1.1" 200 776 
0:0:0:0:0:0:0:1 -  -  [16/Jan/2017:13:24:45 +0000] "GET /smartmedicine/css/timedropper.css HTTP/1.1" 200 10357 
0:0:0:0:0:0:0:1 -  -  [16/Jan/2017:13:24:45 +0000] "GET /smartmedicine/js/jquery/jquery-1.12.1.min.js HTTP/1.1" 200 97402 
0:0:0:0:0:0:0:1 -  -  [16/Jan/2017:13:24:46 +0000] "GET /smartmedicine/js/timedropper.js HTTP/1.1" 200 16251 
0:0:0:0:0:0:0:1 -  -  [16/Jan/2017:13:24:46 +0000] "GET /smartmedicine/js/jquery/jquery-ui.min.js HTTP/1.1" 200 240427 
0:0:0:0:0:0:0:1 -  -  [16/Jan/2017:13:24:46 +0000] "GET /smartmedicine/img/tag_logo_2.png HTTP/1.1" 200 1624 
0:0:0:0:0:0:0:1 -  -  [16/Jan/2017:13:24:46 +0000] "GET /smartmedicine/img/woche_logo_2.png HTTP/1.1" 200 1969 
0:0:0:0:0:0:0:1 -  -  [16/Jan/2017:13:24:46 +0000] "GET /smartmedicine/img/monat_logo_2.png HTTP/1.1" 200 1632 
0:0:0:0:0:0:0:1 -  -  [16/Jan/2017:13:24:46 +0000] "GET /smartmedicine/img/kein_logo_2.png HTTP/1.1" 200 1071 
127.0.0.1 -  -  [16/Jan/2017:13:25:00 +0000] "GET /smartmedicine/rest/medicineinformation/getIntakeTimeInformation HTTP/1.1" 200 5692 
127.0.0.1 -  -  [16/Jan/2017:13:26:00 +0000] "GET /smartmedicine/rest/medicineinformation/getIntakeTimeInformation HTTP/1.1" 200 5692 
127.0.0.1 -  -  [16/Jan/2017:13:27:00 +0000] "GET /smartmedicine/rest/medicineinformation/getIntakeTimeInformation HTTP/1.1" 200 5692 
127.0.0.1 -  -  [16/Jan/2017:13:28:00 +0000] "GET /smartmedicine/rest/medicineinformation/getIntakeTimeInformation HTTP/1.1" 200 5692 
127.0.0.1 -  -  [16/Jan/2017:13:29:00 +0000] "GET /smartmedicine/rest/medicineinformation/getIntakeTimeInformation HTTP/1.1" 200 5692 
127.0.0.1 -  -  [16/Jan/2017:13:30:00 +0000] "GET /smartmedicine/rest/medicineinformation/getIntakeTimeInformation HTTP/1.1" 200 5692 
127.0.0.1 -  -  [16/Jan/2017:13:31:00 +0000] "GET /smartmedicine/rest/medicineinformation/getIntakeTimeInformation HTTP/1.1" 200 5692 
127.0.0.1 -  -  [16/Jan/2017:13:32:00 +0000] "GET /smartmedicine/rest/medicineinformation/getIntakeTimeInformation HTTP/1.1" 200 5692 
127.0.0.1 -  -  [16/Jan/2017:13:33:00 +0000] "GET /smartmedicine/rest/medicineinformation/getIntakeTimeInformation HTTP/1.1" 200 5692 
0:0:0:0:0:0:0:1 -  -  [16/Jan/2017:13:35:24 +0000] "GET /smartmedicine/start.html HTTP/1.1" 200 1537 
0:0:0:0:0:0:0:1 -  -  [16/Jan/2017:13:35:25 +0000] "GET /smartmedicine/css/bootstrap.min.css HTTP/1.1" 200 114011 
0:0:0:0:0:0:0:1 -  -  [16/Jan/2017:13:35:25 +0000] "GET /smartmedicine/css/medikamentenVerwalten.css HTTP/1.1" 200 889 
0:0:0:0:0:0:0:1 -  -  [16/Jan/2017:13:35:25 +0000] "GET /smartmedicine/js/jquery/jquery-1.12.4.js HTTP/1.1" 200 293429 
0:0:0:0:0:0:0:1 -  -  [16/Jan/2017:13:35:25 +0000] "GET /smartmedicine/js/navigation1.js HTTP/1.1" 200 4289 
0:0:0:0:0:0:0:1 -  -  [16/Jan/2017:13:35:25 +0000] "GET /smartmedicine/img/medikamente_logo.png HTTP/1.1" 200 6596 
0:0:0:0:0:0:0:1 -  -  [16/Jan/2017:13:35:25 +0000] "GET /smartmedicine/img/Bezugsquellen_logo.png HTTP/1.1" 200 8039 
0:0:0:0:0:0:0:1 -  -  [16/Jan/2017:13:35:25 +0000] "GET /smartmedicine/img/personen_logo.png HTTP/1.1" 200 3279 
0:0:0:0:0:0:0:1 -  -  [16/Jan/2017:13:35:25 +0000] "GET /smartmedicine/img/einstellungen_logo.png HTTP/1.1" 200 3567 
0:0:0:0:0:0:0:1 -  -  [16/Jan/2017:13:35:28 +0000] "GET /smartmedicine/managePsychologicalParent.html HTTP/1.1" 200 1610 
0:0:0:0:0:0:0:1 -  -  [16/Jan/2017:13:35:29 +0000] "GET /smartmedicine/css/main.css HTTP/1.1" 200 514 
0:0:0:0:0:0:0:1 -  -  [16/Jan/2017:13:35:29 +0000] "GET /smartmedicine/img/hinzufuegen_logo.png HTTP/1.1" 200 3131 
0:0:0:0:0:0:0:1 -  -  [16/Jan/2017:13:35:29 +0000] "GET /smartmedicine/img/uebersicht_logo.png HTTP/1.1" 200 4652 
0:0:0:0:0:0:0:1 -  -  [16/Jan/2017:13:35:29 +0000] "GET /smartmedicine/img/bearbeiten_logo.png HTTP/1.1" 200 3937 
0:0:0:0:0:0:0:1 -  -  [16/Jan/2017:13:35:29 +0000] "GET /smartmedicine/img/loeschen_logo.png HTTP/1.1" 200 3515 
0:0:0:0:0:0:0:1 -  -  [16/Jan/2017:13:35:36 +0000] "GET /smartmedicine/psychologicalParent.html HTTP/1.1" 200 4380 
0:0:0:0:0:0:0:1 -  -  [16/Jan/2017:13:35:36 +0000] "GET /smartmedicine/css/addMedicine.css HTTP/1.1" 200 458 
0:0:0:0:0:0:0:1 -  -  [16/Jan/2017:13:35:36 +0000] "GET /smartmedicine/js/smartmedicine.js HTTP/1.1" 200 56735 
0:0:0:0:0:0:0:1 -  -  [16/Jan/2017:13:35:36 +0000] "GET /smartmedicine/js/bootstrap.min.js HTTP/1.1" 200 34653 
0:0:0:0:0:0:0:1 -  -  [16/Jan/2017:13:35:37 +0000] "GET /smartmedicine/img/Kontakt_Personen_hinzufuegen_Header.png HTTP/1.1" 200 8932 
0:0:0:0:0:0:0:1 -  -  [16/Jan/2017:13:35:37 +0000] "GET /smartmedicine/img/weiblich_geschlecht_logo.png HTTP/1.1" 200 1844 
0:0:0:0:0:0:0:1 -  -  [16/Jan/2017:13:35:37 +0000] "GET /smartmedicine/img/maenlich_geschlecht_logo.png HTTP/1.1" 200 1974 
0:0:0:0:0:0:0:1 -  -  [16/Jan/2017:13:35:37 +0000] "GET /smartmedicine/img/JA_logo.png HTTP/1.1" 200 576 
0:0:0:0:0:0:0:1 -  -  [16/Jan/2017:13:35:37 +0000] "GET /smartmedicine/img/NEIN_logo.png HTTP/1.1" 200 475 
0:0:0:0:0:0:0:1 -  -  [16/Jan/2017:13:35:37 +0000] "GET /smartmedicine/img/art_privat_logo.png HTTP/1.1" 200 1385 
0:0:0:0:0:0:0:1 -  -  [16/Jan/2017:13:35:37 +0000] "GET /smartmedicine/img/art_arzt_logo.png HTTP/1.1" 200 1467 
0:0:0:0:0:0:0:1 -  -  [16/Jan/2017:13:35:37 +0000] "GET /smartmedicine/img/art_sonstige_logo.png HTTP/1.1" 200 1986 
0:0:0:0:0:0:0:1 -  -  [16/Jan/2017:13:35:37 +0000] "GET /smartmedicine/img/Information_icon.png HTTP/1.1" 200 39268 
127.0.0.1 -  -  [16/Jan/2017:13:36:02 +0000] "GET /smartmedicine/rest/medicineinformation/getIntakeTimeInformation HTTP/1.1" 200 5692 
127.0.0.1 -  -  [16/Jan/2017:13:37:00 +0000] "GET /smartmedicine/rest/medicineinformation/getIntakeTimeInformation HTTP/1.1" 200 5692 
127.0.0.1 -  -  [16/Jan/2017:13:38:00 +0000] "GET /smartmedicine/rest/medicineinformation/getIntakeTimeInformation HTTP/1.1" 200 5692 
127.0.0.1 -  -  [16/Jan/2017:13:39:00 +0000] "GET /smartmedicine/rest/medicineinformation/getIntakeTimeInformation HTTP/1.1" 200 5692 
127.0.0.1 -  -  [16/Jan/2017:13:40:00 +0000] "GET /smartmedicine/rest/medicineinformation/getIntakeTimeInformation HTTP/1.1" 200 5692 
0:0:0:0:0:0:0:1 -  -  [16/Jan/2017:13:40:10 +0000] "GET /smartmedicine/managePsychologicalParent.html HTTP/1.1" 304 0 
0:0:0:0:0:0:0:1 -  -  [16/Jan/2017:13:40:27 +0000] "GET /smartmedicine/start.html HTTP/1.1" 304 0 
0:0:0:0:0:0:0:1 -  -  [16/Jan/2017:13:40:31 +0000] "GET /smartmedicine/configuration.html HTTP/1.1" 200 1288 
0:0:0:0:0:0:0:1 -  -  [16/Jan/2017:13:40:31 +0000] "GET /smartmedicine/img/Design_logo.png HTTP/1.1" 200 3801 
0:0:0:0:0:0:0:1 -  -  [16/Jan/2017:13:40:31 +0000] "GET /smartmedicine/img/erinnerungen_logo.png HTTP/1.1" 200 3360 
0:0:0:0:0:0:0:1 -  -  [16/Jan/2017:13:40:32 +0000] "GET /smartmedicine/manageNotification.html HTTP/1.1" 200 1260 
0:0:0:0:0:0:0:1 -  -  [16/Jan/2017:13:40:33 +0000] "GET /smartmedicine/img/visuell_logo.png HTTP/1.1" 200 3804 
0:0:0:0:0:0:0:1 -  -  [16/Jan/2017:13:40:33 +0000] "GET /smartmedicine/img/akustisch_logo.png HTTP/1.1" 200 4489 
0:0:0:0:0:0:0:1 -  -  [16/Jan/2017:13:40:34 +0000] "GET /smartmedicine/acoustical.html HTTP/1.1" 200 4073 
0:0:0:0:0:0:0:1 -  -  [16/Jan/2017:13:40:34 +0000] "GET /smartmedicine/css/toggle/bootstrap-toggle.min.css HTTP/1.1" 200 1617 
0:0:0:0:0:0:0:1 -  -  [16/Jan/2017:13:40:34 +0000] "GET /smartmedicine/js/toggle/bootstrap-toggle.min.js HTTP/1.1" 200 4129 
0:0:0:0:0:0:0:1 -  -  [16/Jan/2017:13:40:34 +0000] "GET /smartmedicine/img/akustische_erinnerung_header_2.png HTTP/1.1" 200 9628 
0:0:0:0:0:0:0:1 -  -  [16/Jan/2017:13:40:34 +0000] "GET /smartmedicine/js/accousticalSettings.js HTTP/1.1" 200 10022 
0:0:0:0:0:0:0:1 -  -  [16/Jan/2017:13:40:34 +0000] "GET /smartmedicine/img/lautsprecher_blue.png HTTP/1.1" 200 2091 
0:0:0:0:0:0:0:1 -  -  [16/Jan/2017:13:40:35 +0000] "GET /smartmedicine/img/icon-audio.png HTTP/1.1" 200 153000 
0:0:0:0:0:0:0:1 -  -  [16/Jan/2017:13:40:35 +0000] "GET /smartmedicine/rest/medicineinformation/getNotificationConfiguration HTTP/1.1" 200 127 
0:0:0:0:0:0:0:1 -  -  [16/Jan/2017:13:40:39 +0000] "GET /smartmedicine/fonts/glyphicons-halflings-regular.woff HTTP/1.1" 200 23320 
0:0:0:0:0:0:0:1 -  -  [16/Jan/2017:13:40:43 +0000] "POST /smartmedicine/rest/medicineinformation/saveAccousticalSettings HTTP/1.1" 204 0 
127.0.0.1 -  -  [16/Jan/2017:13:41:00 +0000] "GET /smartmedicine/rest/medicineinformation/getIntakeTimeInformation HTTP/1.1" 200 5692 
0:0:0:0:0:0:0:1 -  -  [16/Jan/2017:13:41:02 +0000] "GET /smartmedicine/medicineOptionChoice.html HTTP/1.1" 200 1323 
0:0:0:0:0:0:0:1 -  -  [16/Jan/2017:13:41:02 +0000] "GET /smartmedicine/img/Verwalten_logo.png HTTP/1.1" 200 7506 
0:0:0:0:0:0:0:1 -  -  [16/Jan/2017:13:41:02 +0000] "GET /smartmedicine/img/Reisefunktion_Logo.png HTTP/1.1" 200 6717 
0:0:0:0:0:0:0:1 -  -  [16/Jan/2017:13:41:05 +0000] "GET /smartmedicine/manageMedicine.html HTTP/1.1" 200 1605 
0:0:0:0:0:0:0:1 -  -  [16/Jan/2017:13:41:09 +0000] "GET /smartmedicine/addTypeSelection.html HTTP/1.1" 200 1273 
0:0:0:0:0:0:0:1 -  -  [16/Jan/2017:13:41:09 +0000] "GET /smartmedicine/img/termine_logo.png HTTP/1.1" 200 3541 
0:0:0:0:0:0:0:1 -  -  [16/Jan/2017:13:41:10 +0000] "GET /smartmedicine/addMedicine.html HTTP/1.1" 200 2719 
0:0:0:0:0:0:0:1 -  -  [16/Jan/2017:13:41:10 +0000] "GET /smartmedicine/js/smartmedicine.js HTTP/1.1" 304 0 
0:0:0:0:0:0:0:1 -  -  [16/Jan/2017:13:41:10 +0000] "GET /smartmedicine/img/pills-blue.png HTTP/1.1" 200 5046 
0:0:0:0:0:0:0:1 -  -  [16/Jan/2017:13:41:10 +0000] "GET /smartmedicine/img/clock.png HTTP/1.1" 200 125296 
127.0.0.1 -  -  [16/Jan/2017:13:42:00 +0000] "GET /smartmedicine/rest/medicineinformation/getIntakeTimeInformation HTTP/1.1" 200 5692 
0:0:0:0:0:0:0:1 -  -  [16/Jan/2017:13:42:45 +0000] "GET /smartmedicine/addMedicine2.html HTTP/1.1" 200 2326 
0:0:0:0:0:0:0:1 -  -  [16/Jan/2017:13:42:46 +0000] "GET /smartmedicine/js/smartmedicine.js HTTP/1.1" 304 0 
127.0.0.1 -  -  [16/Jan/2017:13:43:00 +0000] "GET /smartmedicine/rest/medicineinformation/getIntakeTimeInformation HTTP/1.1" 200 5692 
0:0:0:0:0:0:0:1 -  -  [16/Jan/2017:13:43:00 +0000] "GET /smartmedicine/addIntakeTime.html HTTP/1.1" 200 3829 
0:0:0:0:0:0:0:1 -  -  [16/Jan/2017:13:43:01 +0000] "GET /smartmedicine/css/jquerysctipttop.css HTTP/1.1" 200 776 
0:0:0:0:0:0:0:1 -  -  [16/Jan/2017:13:43:01 +0000] "GET /smartmedicine/css/timedropper.css HTTP/1.1" 200 10357 
0:0:0:0:0:0:0:1 -  -  [16/Jan/2017:13:43:01 +0000] "GET /smartmedicine/js/jquery/jquery-1.12.1.min.js HTTP/1.1" 200 97402 
0:0:0:0:0:0:0:1 -  -  [16/Jan/2017:13:43:01 +0000] "GET /smartmedicine/js/timedropper.js HTTP/1.1" 200 16251 
0:0:0:0:0:0:0:1 -  -  [16/Jan/2017:13:43:01 +0000] "GET /smartmedicine/js/jquery/jquery-ui.min.js HTTP/1.1" 200 240427 
0:0:0:0:0:0:0:1 -  -  [16/Jan/2017:13:43:01 +0000] "GET /smartmedicine/img/tag_logo_2.png HTTP/1.1" 200 1624 
0:0:0:0:0:0:0:1 -  -  [16/Jan/2017:13:43:01 +0000] "GET /smartmedicine/img/woche_logo_2.png HTTP/1.1" 200 1969 
0:0:0:0:0:0:0:1 -  -  [16/Jan/2017:13:43:01 +0000] "GET /smartmedicine/img/monat_logo_2.png HTTP/1.1" 200 1632 
0:0:0:0:0:0:0:1 -  -  [16/Jan/2017:13:43:01 +0000] "GET /smartmedicine/img/kein_logo_2.png HTTP/1.1" 200 1071 
0:0:0:0:0:0:0:1 -  -  [16/Jan/2017:13:43:27 +0000] "GET /smartmedicine/addMedicine.html HTTP/1.1" 304 0 
127.0.0.1 -  -  [16/Jan/2017:13:44:00 +0000] "GET /smartmedicine/rest/medicineinformation/getIntakeTimeInformation HTTP/1.1" 200 5692 
127.0.0.1 -  -  [16/Jan/2017:13:45:00 +0000] "GET /smartmedicine/rest/medicineinformation/getIntakeTimeInformation HTTP/1.1" 200 5692 
127.0.0.1 -  -  [16/Jan/2017:13:46:00 +0000] "GET /smartmedicine/rest/medicineinformation/getIntakeTimeInformation HTTP/1.1" 200 5692 
127.0.0.1 -  -  [16/Jan/2017:13:47:00 +0000] "GET /smartmedicine/rest/medicineinformation/getIntakeTimeInformation HTTP/1.1" 200 5692 
127.0.0.1 -  -  [16/Jan/2017:13:48:00 +0000] "GET /smartmedicine/rest/medicineinformation/getIntakeTimeInformation HTTP/1.1" 200 5692 
127.0.0.1 -  -  [16/Jan/2017:13:49:00 +0000] "GET /smartmedicine/rest/medicineinformation/getIntakeTimeInformation HTTP/1.1" 200 5692 
127.0.0.1 -  -  [16/Jan/2017:13:50:00 +0000] "GET /smartmedicine/rest/medicineinformation/getIntakeTimeInformation HTTP/1.1" 200 5692 
127.0.0.1 -  -  [16/Jan/2017:13:51:00 +0000] "GET /smartmedicine/rest/medicineinformation/getIntakeTimeInformation HTTP/1.1" 200 5692 
0:0:0:0:0:0:0:1 -  -  [16/Jan/2017:13:53:18 +0000] "GET /smartmedicine/start.html HTTP/1.1" 200 1537 
0:0:0:0:0:0:0:1 -  -  [16/Jan/2017:13:53:19 +0000] "GET /smartmedicine/css/medikamentenVerwalten.css HTTP/1.1" 200 889 
0:0:0:0:0:0:0:1 -  -  [16/Jan/2017:13:53:19 +0000] "GET /smartmedicine/js/navigation1.js HTTP/1.1" 200 4289 
0:0:0:0:0:0:0:1 -  -  [16/Jan/2017:13:53:19 +0000] "GET /smartmedicine/css/bootstrap.min.css HTTP/1.1" 200 114011 
0:0:0:0:0:0:0:1 -  -  [16/Jan/2017:13:53:19 +0000] "GET /smartmedicine/js/jquery/jquery-1.12.4.js HTTP/1.1" 200 293429 
0:0:0:0:0:0:0:1 -  -  [16/Jan/2017:13:53:19 +0000] "GET /smartmedicine/img/medikamente_logo.png HTTP/1.1" 200 6596 
0:0:0:0:0:0:0:1 -  -  [16/Jan/2017:13:53:19 +0000] "GET /smartmedicine/img/Bezugsquellen_logo.png HTTP/1.1" 200 8039 
0:0:0:0:0:0:0:1 -  -  [16/Jan/2017:13:53:19 +0000] "GET /smartmedicine/img/personen_logo.png HTTP/1.1" 200 3279 
0:0:0:0:0:0:0:1 -  -  [16/Jan/2017:13:53:19 +0000] "GET /smartmedicine/img/einstellungen_logo.png HTTP/1.1" 200 3567 
0:0:0:0:0:0:0:1 -  -  [16/Jan/2017:13:53:23 +0000] "GET /smartmedicine/managePsychologicalParent.html HTTP/1.1" 200 1610 
0:0:0:0:0:0:0:1 -  -  [16/Jan/2017:13:53:23 +0000] "GET /smartmedicine/css/main.css HTTP/1.1" 200 514 
0:0:0:0:0:0:0:1 -  -  [16/Jan/2017:13:53:23 +0000] "GET /smartmedicine/img/hinzufuegen_logo.png HTTP/1.1" 200 3131 
0:0:0:0:0:0:0:1 -  -  [16/Jan/2017:13:53:23 +0000] "GET /smartmedicine/img/uebersicht_logo.png HTTP/1.1" 200 4652 
0:0:0:0:0:0:0:1 -  -  [16/Jan/2017:13:53:23 +0000] "GET /smartmedicine/img/bearbeiten_logo.png HTTP/1.1" 200 3937 
0:0:0:0:0:0:0:1 -  -  [16/Jan/2017:13:53:23 +0000] "GET /smartmedicine/img/loeschen_logo.png HTTP/1.1" 200 3515 
0:0:0:0:0:0:0:1 -  -  [16/Jan/2017:13:53:25 +0000] "GET /smartmedicine/psychologicalParent.html HTTP/1.1" 200 4338 
0:0:0:0:0:0:0:1 -  -  [16/Jan/2017:13:53:25 +0000] "GET /smartmedicine/css/addMedicine.css HTTP/1.1" 200 458 
0:0:0:0:0:0:0:1 -  -  [16/Jan/2017:13:53:25 +0000] "GET /smartmedicine/js/bootstrap.min.js HTTP/1.1" 200 34653 
0:0:0:0:0:0:0:1 -  -  [16/Jan/2017:13:53:25 +0000] "GET /smartmedicine/js/smartmedicine.js HTTP/1.1" 200 56735 
0:0:0:0:0:0:0:1 -  -  [16/Jan/2017:13:53:25 +0000] "GET /smartmedicine/img/Kontakt_Personen_hinzufuegen_Header.png HTTP/1.1" 200 8932 
0:0:0:0:0:0:0:1 -  -  [16/Jan/2017:13:53:25 +0000] "GET /smartmedicine/img/weiblich_geschlecht_logo.png HTTP/1.1" 200 1844 
0:0:0:0:0:0:0:1 -  -  [16/Jan/2017:13:53:25 +0000] "GET /smartmedicine/img/maenlich_geschlecht_logo.png HTTP/1.1" 200 1974 
0:0:0:0:0:0:0:1 -  -  [16/Jan/2017:13:53:25 +0000] "GET /smartmedicine/img/JA_logo.png HTTP/1.1" 200 576 
0:0:0:0:0:0:0:1 -  -  [16/Jan/2017:13:53:25 +0000] "GET /smartmedicine/img/NEIN_logo.png HTTP/1.1" 200 475 
0:0:0:0:0:0:0:1 -  -  [16/Jan/2017:13:53:26 +0000] "GET /smartmedicine/img/art_privat_logo.png HTTP/1.1" 200 1385 
0:0:0:0:0:0:0:1 -  -  [16/Jan/2017:13:53:26 +0000] "GET /smartmedicine/img/art_arzt_logo.png HTTP/1.1" 200 1467 
0:0:0:0:0:0:0:1 -  -  [16/Jan/2017:13:53:26 +0000] "GET /smartmedicine/img/art_sonstige_logo.png HTTP/1.1" 200 1986 
0:0:0:0:0:0:0:1 -  -  [16/Jan/2017:13:53:26 +0000] "GET /smartmedicine/img/Information_icon.png HTTP/1.1" 200 39268 
127.0.0.1 -  -  [16/Jan/2017:13:54:02 +0000] "GET /smartmedicine/rest/medicineinformation/getIntakeTimeInformation HTTP/1.1" 200 5692 
0:0:0:0:0:0:0:1 -  -  [16/Jan/2017:13:54:28 +0000] "GET /smartmedicine/deleteContactPerson.html HTTP/1.1" 200 1602 
0:0:0:0:0:0:0:1 -  -  [16/Jan/2017:13:54:28 +0000] "GET /smartmedicine/css/bootstrap.css HTTP/1.1" 200 134219 
0:0:0:0:0:0:0:1 -  -  [16/Jan/2017:13:54:28 +0000] "GET /smartmedicine/css/datatable/dataTables.bootstrap4.min.css HTTP/1.1" 200 4788 
0:0:0:0:0:0:0:1 -  -  [16/Jan/2017:13:54:28 +0000] "GET /smartmedicine/js/datatable/jquery.dataTables.min.js HTTP/1.1" 200 83045 
0:0:0:0:0:0:0:1 -  -  [16/Jan/2017:13:54:28 +0000] "GET /smartmedicine/js/datatable/dataTables.bootstrap4.min.js HTTP/1.1" 200 2068 
0:0:0:0:0:0:0:1 -  -  [16/Jan/2017:13:54:28 +0000] "GET /smartmedicine/img/Kontakt_Personen_loeschen_Header.png HTTP/1.1" 200 8467 
0:0:0:0:0:0:0:1 -  -  [16/Jan/2017:13:54:29 +0000] "GET /smartmedicine/rest/medicineinformation/getContactPerson HTTP/1.1" 200 142 
0:0:0:0:0:0:0:1 -  -  [16/Jan/2017:13:54:30 +0000] "GET /smartmedicine/img/delete_icon.png HTTP/1.1" 200 7886 
0:0:0:0:0:0:0:1 -  -  [16/Jan/2017:13:54:35 +0000] "GET /smartmedicine/contactPersonOverview.html HTTP/1.1" 200 1601 
0:0:0:0:0:0:0:1 -  -  [16/Jan/2017:13:54:35 +0000] "GET /smartmedicine/img/Kontakt_Personen_Uebersicht_Header.png HTTP/1.1" 200 7738 
0:0:0:0:0:0:0:1 -  -  [16/Jan/2017:13:54:36 +0000] "GET /smartmedicine/rest/medicineinformation/getContactPerson HTTP/1.1" 200 142 
0:0:0:0:0:0:0:1 -  -  [16/Jan/2017:13:54:36 +0000] "GET /smartmedicine/img/zoom_icon.png HTTP/1.1" 200 7144 
0:0:0:0:0:0:0:1 -  -  [16/Jan/2017:13:54:44 +0000] "GET /smartmedicine/rest/medicineinformation/getContactPerson HTTP/1.1" 200 142 
0:0:0:0:0:0:0:1 -  -  [16/Jan/2017:13:54:46 +0000] "GET /smartmedicine/contactPersonInformation.html HTTP/1.1" 200 2495 
0:0:0:0:0:0:0:1 -  -  [16/Jan/2017:13:54:46 +0000] "GET /smartmedicine/img/Kontakt_Personen_Information_Header.png HTTP/1.1" 200 8111 
0:0:0:0:0:0:0:1 -  -  [16/Jan/2017:13:54:46 +0000] "GET /smartmedicine/rest/medicineinformation/getPsychologicalParentByPsychologicalParentID/22 HTTP/1.1" 200 140 
127.0.0.1 -  -  [16/Jan/2017:13:55:00 +0000] "GET /smartmedicine/rest/medicineinformation/getIntakeTimeInformation HTTP/1.1" 200 5692 
0:0:0:0:0:0:0:1 -  -  [16/Jan/2017:13:55:02 +0000] "GET /smartmedicine/rest/medicineinformation/getContactPerson HTTP/1.1" 200 142 
0:0:0:0:0:0:0:1 -  -  [16/Jan/2017:13:55:07 +0000] "GET /smartmedicine/medicineOptionChoice.html HTTP/1.1" 200 1323 
0:0:0:0:0:0:0:1 -  -  [16/Jan/2017:13:55:07 +0000] "GET /smartmedicine/img/Verwalten_logo.png HTTP/1.1" 200 7506 
0:0:0:0:0:0:0:1 -  -  [16/Jan/2017:13:55:07 +0000] "GET /smartmedicine/img/Reisefunktion_Logo.png HTTP/1.1" 200 6717 
0:0:0:0:0:0:0:1 -  -  [16/Jan/2017:13:55:08 +0000] "GET /smartmedicine/manageMedicine.html HTTP/1.1" 200 1605 
0:0:0:0:0:0:0:1 -  -  [16/Jan/2017:13:55:09 +0000] "GET /smartmedicine/addTypeSelection.html HTTP/1.1" 200 1273 
0:0:0:0:0:0:0:1 -  -  [16/Jan/2017:13:55:10 +0000] "GET /smartmedicine/img/termine_logo.png HTTP/1.1" 200 3541 
0:0:0:0:0:0:0:1 -  -  [16/Jan/2017:13:55:11 +0000] "GET /smartmedicine/addMedicine.html HTTP/1.1" 200 3342 
0:0:0:0:0:0:0:1 -  -  [16/Jan/2017:13:55:12 +0000] "GET /smartmedicine/img/pills-blue.png HTTP/1.1" 200 5046 
0:0:0:0:0:0:0:1 -  -  [16/Jan/2017:13:55:12 +0000] "GET /smartmedicine/img/clock.png HTTP/1.1" 200 125296 
127.0.0.1 -  -  [16/Jan/2017:13:56:00 +0000] "GET /smartmedicine/rest/medicineinformation/getIntakeTimeInformation HTTP/1.1" 200 5692 
127.0.0.1 -  -  [16/Jan/2017:13:57:00 +0000] "GET /smartmedicine/rest/medicineinformation/getIntakeTimeInformation HTTP/1.1" 200 5692 
0:0:0:0:0:0:0:1 -  -  [16/Jan/2017:13:57:07 +0000] "GET /smartmedicine/addMedicine.html HTTP/1.1" 304 0 
0:0:0:0:0:0:0:1 -  -  [16/Jan/2017:13:57:08 +0000] "GET /smartmedicine/js/smartmedicine.js HTTP/1.1" 304 0 
127.0.0.1 -  -  [16/Jan/2017:13:58:00 +0000] "GET /smartmedicine/rest/medicineinformation/getIntakeTimeInformation HTTP/1.1" 200 5692 
127.0.0.1 -  -  [16/Jan/2017:13:59:00 +0000] "GET /smartmedicine/rest/medicineinformation/getIntakeTimeInformation HTTP/1.1" 200 5692 
127.0.0.1 -  -  [16/Jan/2017:14:00:00 +0000] "GET /smartmedicine/rest/medicineinformation/getIntakeTimeInformation HTTP/1.1" 200 5692 
0:0:0:0:0:0:0:1 -  -  [16/Jan/2017:14:02:57 +0000] "GET /smartmedicine/addTypeSelection.html HTTP/1.1" 200 1370 
0:0:0:0:0:0:0:1 -  -  [16/Jan/2017:14:02:57 +0000] "GET /smartmedicine/css/medikamentenVerwalten.css HTTP/1.1" 200 889 
0:0:0:0:0:0:0:1 -  -  [16/Jan/2017:14:02:57 +0000] "GET /smartmedicine/css/bootstrap.min.css HTTP/1.1" 200 114011 
0:0:0:0:0:0:0:1 -  -  [16/Jan/2017:14:02:57 +0000] "GET /smartmedicine/js/jquery/jquery-1.12.4.js HTTP/1.1" 200 293429 
0:0:0:0:0:0:0:1 -  -  [16/Jan/2017:14:02:57 +0000] "GET /smartmedicine/js/navigation1.js HTTP/1.1" 200 4289 
0:0:0:0:0:0:0:1 -  -  [16/Jan/2017:14:02:57 +0000] "GET /smartmedicine/img/Medikamenten_uebersicht_header_2.png HTTP/1.1" 200 8227 
0:0:0:0:0:0:0:1 -  -  [16/Jan/2017:14:02:57 +0000] "GET /smartmedicine/img/medikamente_logo.png HTTP/1.1" 200 6596 
0:0:0:0:0:0:0:1 -  -  [16/Jan/2017:14:02:57 +0000] "GET /smartmedicine/img/termine_logo.png HTTP/1.1" 200 3541 
127.0.0.1 -  -  [16/Jan/2017:14:03:02 +0000] "GET /smartmedicine/rest/medicineinformation/getIntakeTimeInformation HTTP/1.1" 200 5692 
0:0:0:0:0:0:0:1 -  -  [16/Jan/2017:14:03:14 +0000] "GET /smartmedicine/addMedicine.html HTTP/1.1" 200 3330 
0:0:0:0:0:0:0:1 -  -  [16/Jan/2017:14:03:14 +0000] "GET /smartmedicine/css/addMedicine.css HTTP/1.1" 200 458 
0:0:0:0:0:0:0:1 -  -  [16/Jan/2017:14:03:14 +0000] "GET /smartmedicine/js/bootstrap.min.js HTTP/1.1" 200 34653 
0:0:0:0:0:0:0:1 -  -  [16/Jan/2017:14:03:14 +0000] "GET /smartmedicine/js/smartmedicine.js HTTP/1.1" 200 56735 
0:0:0:0:0:0:0:1 -  -  [16/Jan/2017:14:03:14 +0000] "GET /smartmedicine/img/pills-blue.png HTTP/1.1" 200 5046 
0:0:0:0:0:0:0:1 -  -  [16/Jan/2017:14:03:14 +0000] "GET /smartmedicine/img/Information_icon.png HTTP/1.1" 200 39268 
0:0:0:0:0:0:0:1 -  -  [16/Jan/2017:14:03:14 +0000] "GET /smartmedicine/img/clock.png HTTP/1.1" 200 125296 
0:0:0:0:0:0:0:1 -  -  [16/Jan/2017:14:03:14 +0000] "GET /smartmedicine/img/JA_logo.png HTTP/1.1" 200 576 
0:0:0:0:0:0:0:1 -  -  [16/Jan/2017:14:03:14 +0000] "GET /smartmedicine/img/NEIN_logo.png HTTP/1.1" 200 475 
0:0:0:0:0:0:0:1 -  -  [16/Jan/2017:14:03:14 +0000] "GET /smartmedicine/img/art_privat_logo.png HTTP/1.1" 200 1385 
0:0:0:0:0:0:0:1 -  -  [16/Jan/2017:14:03:14 +0000] "GET /smartmedicine/img/art_arzt_logo.png HTTP/1.1" 200 1467 
0:0:0:0:0:0:0:1 -  -  [16/Jan/2017:14:03:15 +0000] "GET /smartmedicine/img/art_sonstige_logo.png HTTP/1.1" 200 1986 
0:0:0:0:0:0:0:1 -  -  [16/Jan/2017:14:03:31 +0000] "GET /smartmedicine/addTypeSelection.html HTTP/1.1" 304 0 
0:0:0:0:0:0:0:1 -  -  [16/Jan/2017:14:03:31 +0000] "GET /smartmedicine/css/medikamentenVerwalten.css HTTP/1.1" 304 0 
0:0:0:0:0:0:0:1 -  -  [16/Jan/2017:14:03:56 +0000] "GET /smartmedicine/manageMedicine.html HTTP/1.1" 200 1605 
0:0:0:0:0:0:0:1 -  -  [16/Jan/2017:14:03:57 +0000] "GET /smartmedicine/css/main.css HTTP/1.1" 200 514 
0:0:0:0:0:0:0:1 -  -  [16/Jan/2017:14:03:57 +0000] "GET /smartmedicine/img/hinzufuegen_logo.png HTTP/1.1" 200 3131 
0:0:0:0:0:0:0:1 -  -  [16/Jan/2017:14:03:57 +0000] "GET /smartmedicine/img/uebersicht_logo.png HTTP/1.1" 200 4652 
0:0:0:0:0:0:0:1 -  -  [16/Jan/2017:14:03:57 +0000] "GET /smartmedicine/img/bearbeiten_logo.png HTTP/1.1" 200 3937 
0:0:0:0:0:0:0:1 -  -  [16/Jan/2017:14:03:57 +0000] "GET /smartmedicine/img/loeschen_logo.png HTTP/1.1" 200 3515 
0:0:0:0:0:0:0:1 -  -  [16/Jan/2017:14:03:58 +0000] "GET /smartmedicine/medicineOptionChoice.html HTTP/1.1" 200 1323 
0:0:0:0:0:0:0:1 -  -  [16/Jan/2017:14:03:59 +0000] "GET /smartmedicine/img/Verwalten_logo.png HTTP/1.1" 200 7506 
0:0:0:0:0:0:0:1 -  -  [16/Jan/2017:14:03:59 +0000] "GET /smartmedicine/img/Reisefunktion_Logo.png HTTP/1.1" 200 6717 
127.0.0.1 -  -  [16/Jan/2017:14:04:00 +0000] "GET /smartmedicine/rest/medicineinformation/getIntakeTimeInformation HTTP/1.1" 200 5692 
0:0:0:0:0:0:0:1 -  -  [16/Jan/2017:14:04:03 +0000] "GET /smartmedicine/start.html HTTP/1.1" 200 1537 
0:0:0:0:0:0:0:1 -  -  [16/Jan/2017:14:04:03 +0000] "GET /smartmedicine/css/medikamentenVerwalten.css HTTP/1.1" 304 0 
0:0:0:0:0:0:0:1 -  -  [16/Jan/2017:14:04:03 +0000] "GET /smartmedicine/img/Bezugsquellen_logo.png HTTP/1.1" 200 8039 
0:0:0:0:0:0:0:1 -  -  [16/Jan/2017:14:04:03 +0000] "GET /smartmedicine/img/personen_logo.png HTTP/1.1" 200 3279 
0:0:0:0:0:0:0:1 -  -  [16/Jan/2017:14:04:03 +0000] "GET /smartmedicine/img/einstellungen_logo.png HTTP/1.1" 200 3567 
0:0:0:0:0:0:0:1 -  -  [16/Jan/2017:14:04:05 +0000] "GET /smartmedicine/managePsychologicalParent.html HTTP/1.1" 200 1610 
0:0:0:0:0:0:0:1 -  -  [16/Jan/2017:14:04:07 +0000] "GET /smartmedicine/contactPersonOverview.html HTTP/1.1" 200 1601 
0:0:0:0:0:0:0:1 -  -  [16/Jan/2017:14:04:08 +0000] "GET /smartmedicine/css/bootstrap.css HTTP/1.1" 200 134219 
0:0:0:0:0:0:0:1 -  -  [16/Jan/2017:14:04:08 +0000] "GET /smartmedicine/css/datatable/dataTables.bootstrap4.min.css HTTP/1.1" 200 4788 
0:0:0:0:0:0:0:1 -  -  [16/Jan/2017:14:04:08 +0000] "GET /smartmedicine/js/datatable/jquery.dataTables.min.js HTTP/1.1" 200 83045 
0:0:0:0:0:0:0:1 -  -  [16/Jan/2017:14:04:08 +0000] "GET /smartmedicine/js/datatable/dataTables.bootstrap4.min.js HTTP/1.1" 200 2068 
0:0:0:0:0:0:0:1 -  -  [16/Jan/2017:14:04:08 +0000] "GET /smartmedicine/img/Kontakt_Personen_Uebersicht_Header.png HTTP/1.1" 200 7738 
0:0:0:0:0:0:0:1 -  -  [16/Jan/2017:14:04:08 +0000] "GET /smartmedicine/rest/medicineinformation/getContactPerson HTTP/1.1" 200 142 
0:0:0:0:0:0:0:1 -  -  [16/Jan/2017:14:04:09 +0000] "GET /smartmedicine/img/zoom_icon.png HTTP/1.1" 200 7144 
0:0:0:0:0:0:0:1 -  -  [16/Jan/2017:14:04:13 +0000] "GET /smartmedicine/contactPersonInformation.html HTTP/1.1" 200 2495 
0:0:0:0:0:0:0:1 -  -  [16/Jan/2017:14:04:13 +0000] "GET /smartmedicine/img/Kontakt_Personen_Information_Header.png HTTP/1.1" 200 8111 
0:0:0:0:0:0:0:1 -  -  [16/Jan/2017:14:04:13 +0000] "GET /smartmedicine/rest/medicineinformation/getPsychologicalParentByPsychologicalParentID/22 HTTP/1.1" 200 140 
0:0:0:0:0:0:0:1 -  -  [16/Jan/2017:14:04:25 +0000] "GET /smartmedicine/rest/medicineinformation/getContactPerson HTTP/1.1" 200 142 
0:0:0:0:0:0:0:1 -  -  [16/Jan/2017:14:04:31 +0000] "GET /smartmedicine/editPsychologicalParent.html HTTP/1.1" 200 1648 
0:0:0:0:0:0:0:1 -  -  [16/Jan/2017:14:04:31 +0000] "GET /smartmedicine/img/Kontakt_Personen_Bearbeiten_Header.png HTTP/1.1" 200 7011 
0:0:0:0:0:0:0:1 -  -  [16/Jan/2017:14:04:32 +0000] "GET /smartmedicine/rest/medicineinformation/getContactPerson HTTP/1.1" 200 142 
0:0:0:0:0:0:0:1 -  -  [16/Jan/2017:14:04:32 +0000] "GET /smartmedicine/img/edit_icon.png HTTP/1.1" 200 16361 
0:0:0:0:0:0:0:1 -  -  [16/Jan/2017:14:04:34 +0000] "GET /smartmedicine/psychologicalParent.html HTTP/1.1" 200 4332 
0:0:0:0:0:0:0:1 -  -  [16/Jan/2017:14:04:34 +0000] "GET /smartmedicine/img/Kontakt_Personen_hinzufuegen_Header.png HTTP/1.1" 200 8932 
0:0:0:0:0:0:0:1 -  -  [16/Jan/2017:14:04:34 +0000] "GET /smartmedicine/img/weiblich_geschlecht_logo.png HTTP/1.1" 200 1844 
0:0:0:0:0:0:0:1 -  -  [16/Jan/2017:14:04:34 +0000] "GET /smartmedicine/img/maenlich_geschlecht_logo.png HTTP/1.1" 200 1974 
0:0:0:0:0:0:0:1 -  -  [16/Jan/2017:14:04:35 +0000] "GET /smartmedicine/rest/medicineinformation/getPsychologicalParentByPsychologicalParentID/22 HTTP/1.1" 200 140 
127.0.0.1 -  -  [16/Jan/2017:14:05:00 +0000] "GET /smartmedicine/rest/medicineinformation/getIntakeTimeInformation HTTP/1.1" 200 5692 
0:0:0:0:0:0:0:1 -  -  [16/Jan/2017:14:05:03 +0000] "POST /smartmedicine/rest/medicineinformation/editPsychologicalParent HTTP/1.1" 204 0 
0:0:0:0:0:0:0:1 -  -  [16/Jan/2017:14:05:06 +0000] "GET /smartmedicine/css/medikamentenVerwalten.css HTTP/1.1" 304 0 
0:0:0:0:0:0:0:1 -  -  [16/Jan/2017:14:05:08 +0000] "GET /smartmedicine/rest/medicineinformation/getContactPerson HTTP/1.1" 200 142 
0:0:0:0:0:0:0:1 -  -  [16/Jan/2017:14:05:11 +0000] "GET /smartmedicine/deleteContactPerson.html HTTP/1.1" 200 1602 
0:0:0:0:0:0:0:1 -  -  [16/Jan/2017:14:05:12 +0000] "GET /smartmedicine/img/Kontakt_Personen_loeschen_Header.png HTTP/1.1" 200 8467 
0:0:0:0:0:0:0:1 -  -  [16/Jan/2017:14:05:12 +0000] "GET /smartmedicine/rest/medicineinformation/getContactPerson HTTP/1.1" 200 142 
0:0:0:0:0:0:0:1 -  -  [16/Jan/2017:14:05:12 +0000] "GET /smartmedicine/img/delete_icon.png HTTP/1.1" 200 7886 
0:0:0:0:0:0:0:1 -  -  [16/Jan/2017:14:05:16 +0000] "GET /smartmedicine/rest/medicineinformation/getContactPerson HTTP/1.1" 200 142 
0:0:0:0:0:0:0:1 -  -  [16/Jan/2017:14:05:18 +0000] "GET /smartmedicine/rest/medicineinformation/getPsychologicalParentByPsychologicalParentID/22 HTTP/1.1" 200 140 
0:0:0:0:0:0:0:1 -  -  [16/Jan/2017:14:05:48 +0000] "GET /smartmedicine/css/medikamentenVerwalten.css HTTP/1.1" 304 0 
0:0:0:0:0:0:0:1 -  -  [16/Jan/2017:14:05:48 +0000] "GET /smartmedicine/rest/medicineinformation/getContactPerson HTTP/1.1" 200 142 
0:0:0:0:0:0:0:1 -  -  [16/Jan/2017:14:05:50 +0000] "GET /smartmedicine/psychologicalParent.html HTTP/1.1" 304 0 
0:0:0:0:0:0:0:1 -  -  [16/Jan/2017:14:05:50 +0000] "GET /smartmedicine/rest/medicineinformation/getPsychologicalParentByPsychologicalParentID/22 HTTP/1.1" 200 140 
0:0:0:0:0:0:0:1 -  -  [16/Jan/2017:14:05:57 +0000] "POST /smartmedicine/rest/medicineinformation/editPsychologicalParent HTTP/1.1" 204 0 
127.0.0.1 -  -  [16/Jan/2017:14:06:00 +0000] "GET /smartmedicine/rest/medicineinformation/getIntakeTimeInformation HTTP/1.1" 200 5692 
0:0:0:0:0:0:0:1 -  -  [16/Jan/2017:14:06:03 +0000] "GET /smartmedicine/rest/medicineinformation/getContactPerson HTTP/1.1" 200 145 
0:0:0:0:0:0:0:1 -  -  [16/Jan/2017:14:06:05 +0000] "GET /smartmedicine/rest/medicineinformation/getPsychologicalParentByPsychologicalParentID/22 HTTP/1.1" 200 142 
0:0:0:0:0:0:0:1 -  -  [16/Jan/2017:14:06:13 +0000] "GET /smartmedicine/rest/medicineinformation/getContactPerson HTTP/1.1" 200 145 
0:0:0:0:0:0:0:1 -  -  [16/Jan/2017:14:06:26 +0000] "GET /smartmedicine/addTypeSelection.html HTTP/1.1" 304 0 
127.0.0.1 -  -  [16/Jan/2017:14:07:00 +0000] "GET /smartmedicine/rest/medicineinformation/getIntakeTimeInformation HTTP/1.1" 200 5692 
127.0.0.1 -  -  [16/Jan/2017:14:08:00 +0000] "GET /smartmedicine/rest/medicineinformation/getIntakeTimeInformation HTTP/1.1" 200 5692 
127.0.0.1 -  -  [16/Jan/2017:14:09:00 +0000] "GET /smartmedicine/rest/medicineinformation/getIntakeTimeInformation HTTP/1.1" 200 5692 
127.0.0.1 -  -  [16/Jan/2017:14:10:00 +0000] "GET /smartmedicine/rest/medicineinformation/getIntakeTimeInformation HTTP/1.1" 200 5692 
127.0.0.1 -  -  [16/Jan/2017:14:11:00 +0000] "GET /smartmedicine/rest/medicineinformation/getIntakeTimeInformation HTTP/1.1" 200 5692 
127.0.0.1 -  -  [16/Jan/2017:14:12:00 +0000] "GET /smartmedicine/rest/medicineinformation/getIntakeTimeInformation HTTP/1.1" 200 5692 
127.0.0.1 -  -  [16/Jan/2017:14:13:00 +0000] "GET /smartmedicine/rest/medicineinformation/getIntakeTimeInformation HTTP/1.1" 200 5692 
127.0.0.1 -  -  [16/Jan/2017:14:14:00 +0000] "GET /smartmedicine/rest/medicineinformation/getIntakeTimeInformation HTTP/1.1" 200 5692 
0:0:0:0:0:0:0:1 -  -  [16/Jan/2017:14:14:25 +0000] "GET /smartmedicine/manageMedicine.html HTTP/1.1" 304 0 
0:0:0:0:0:0:0:1 -  -  [16/Jan/2017:14:14:25 +0000] "GET /smartmedicine/css/medikamentenVerwalten.css HTTP/1.1" 304 0 
0:0:0:0:0:0:0:1 -  -  [16/Jan/2017:14:14:29 +0000] "GET /smartmedicine/medicineOptionChoice.html HTTP/1.1" 304 0 
0:0:0:0:0:0:0:1 -  -  [16/Jan/2017:14:14:59 +0000] "GET /smartmedicine/editMedicine.html HTTP/1.1" 200 1580 
0:0:0:0:0:0:0:1 -  -  [16/Jan/2017:14:14:59 +0000] "GET /smartmedicine/js/smartmedicine.js HTTP/1.1" 304 0 
0:0:0:0:0:0:0:1 -  -  [16/Jan/2017:14:14:59 +0000] "GET /smartmedicine/img/Medikamente_bearbeiten_header_2.png HTTP/1.1" 200 7048 
127.0.0.1 -  -  [16/Jan/2017:14:15:00 +0000] "GET /smartmedicine/rest/medicineinformation/getIntakeTimeInformation HTTP/1.1" 200 5692 
0:0:0:0:0:0:0:1 -  -  [16/Jan/2017:14:15:00 +0000] "GET /smartmedicine/rest/medicineinformation/getMedicineInformation HTTP/1.1" 200 532 
0:0:0:0:0:0:0:1 -  -  [16/Jan/2017:14:15:00 +0000] "GET /smartmedicine/rest/medicineinformation/getIntakeTimeByMedicineID/1 HTTP/1.1" 200 1617 
0:0:0:0:0:0:0:1 -  -  [16/Jan/2017:14:15:00 +0000] "GET /smartmedicine/rest/medicineinformation/getIntakeTimeByMedicineID/11 HTTP/1.1" 200 364 
0:0:0:0:0:0:0:1 -  -  [16/Jan/2017:14:15:00 +0000] "GET /smartmedicine/rest/medicineinformation/getIntakeTimeByMedicineID/22 HTTP/1.1" 200 132 
0:0:0:0:0:0:0:1 -  -  [16/Jan/2017:14:15:00 +0000] "GET /smartmedicine/rest/medicineinformation/getIntakeTimeByMedicineID/25 HTTP/1.1" 200 17 
0:0:0:0:0:0:0:1 -  -  [16/Jan/2017:14:15:00 +0000] "GET /smartmedicine/rest/medicineinformation/getIntakeTimeByMedicineID/26 HTTP/1.1" 200 828 
0:0:0:0:0:0:0:1 -  -  [16/Jan/2017:14:15:01 +0000] "GET /smartmedicine/img/calendar_2.png HTTP/1.1" 200 981 
0:0:0:0:0:0:0:1 -  -  [16/Jan/2017:14:15:17 +0000] "GET /smartmedicine/editIntakeTimeOverview.html HTTP/1.1" 200 1533 
0:0:0:0:0:0:0:1 -  -  [16/Jan/2017:14:15:18 +0000] "GET /smartmedicine/img/Termine_bearbeiten_header_2.png HTTP/1.1" 200 5506 
0:0:0:0:0:0:0:1 -  -  [16/Jan/2017:14:15:18 +0000] "GET /smartmedicine/rest/medicineinformation/getIntakeTimeByMedicineID/11 HTTP/1.1" 200 364 
0:0:0:0:0:0:0:1 -  -  [16/Jan/2017:14:15:22 +0000] "GET /smartmedicine/addIntakeTime.html HTTP/1.1" 200 3819 
0:0:0:0:0:0:0:1 -  -  [16/Jan/2017:14:15:23 +0000] "GET /smartmedicine/css/jquerysctipttop.css HTTP/1.1" 200 776 
0:0:0:0:0:0:0:1 -  -  [16/Jan/2017:14:15:23 +0000] "GET /smartmedicine/css/timedropper.css HTTP/1.1" 200 10357 
0:0:0:0:0:0:0:1 -  -  [16/Jan/2017:14:15:23 +0000] "GET /smartmedicine/js/jquery/jquery-ui.min.js HTTP/1.1" 200 240427 
0:0:0:0:0:0:0:1 -  -  [16/Jan/2017:14:15:23 +0000] "GET /smartmedicine/js/timedropper.js HTTP/1.1" 200 16251 
0:0:0:0:0:0:0:1 -  -  [16/Jan/2017:14:15:23 +0000] "GET /smartmedicine/js/jquery/jquery-1.12.1.min.js HTTP/1.1" 200 97402 
0:0:0:0:0:0:0:1 -  -  [16/Jan/2017:14:15:23 +0000] "GET /smartmedicine/img/tag_logo_2.png HTTP/1.1" 200 1624 
0:0:0:0:0:0:0:1 -  -  [16/Jan/2017:14:15:23 +0000] "GET /smartmedicine/img/woche_logo_2.png HTTP/1.1" 200 1969 
0:0:0:0:0:0:0:1 -  -  [16/Jan/2017:14:15:23 +0000] "GET /smartmedicine/img/monat_logo_2.png HTTP/1.1" 200 1632 
0:0:0:0:0:0:0:1 -  -  [16/Jan/2017:14:15:23 +0000] "GET /smartmedicine/img/kein_logo_2.png HTTP/1.1" 200 1071 
0:0:0:0:0:0:0:1 -  -  [16/Jan/2017:14:15:24 +0000] "GET /smartmedicine/rest/medicineinformation/getIntakeTimeByIntakeTimeID/28 HTTP/1.1" 200 132 
127.0.0.1 -  -  [16/Jan/2017:14:16:00 +0000] "GET /smartmedicine/rest/medicineinformation/getIntakeTimeInformation HTTP/1.1" 200 5692 
127.0.0.1 -  -  [16/Jan/2017:14:17:00 +0000] "GET /smartmedicine/rest/medicineinformation/getIntakeTimeInformation HTTP/1.1" 200 5692 
127.0.0.1 -  -  [16/Jan/2017:14:18:00 +0000] "GET /smartmedicine/rest/medicineinformation/getIntakeTimeInformation HTTP/1.1" 200 5692 
127.0.0.1 -  -  [16/Jan/2017:14:19:00 +0000] "GET /smartmedicine/rest/medicineinformation/getIntakeTimeInformation HTTP/1.1" 200 5692 
127.0.0.1 -  -  [16/Jan/2017:14:20:00 +0000] "GET /smartmedicine/rest/medicineinformation/getIntakeTimeInformation HTTP/1.1" 200 5692 
127.0.0.1 -  -  [16/Jan/2017:14:21:00 +0000] "GET /smartmedicine/rest/medicineinformation/getIntakeTimeInformation HTTP/1.1" 200 5692 
127.0.0.1 -  -  [16/Jan/2017:14:22:00 +0000] "GET /smartmedicine/rest/medicineinformation/getIntakeTimeInformation HTTP/1.1" 200 5692 
127.0.0.1 -  -  [16/Jan/2017:14:23:00 +0000] "GET /smartmedicine/rest/medicineinformation/getIntakeTimeInformation HTTP/1.1" 200 5692 
127.0.0.1 -  -  [16/Jan/2017:14:24:00 +0000] "GET /smartmedicine/rest/medicineinformation/getIntakeTimeInformation HTTP/1.1" 200 5692 
127.0.0.1 -  -  [16/Jan/2017:14:25:00 +0000] "GET /smartmedicine/rest/medicineinformation/getIntakeTimeInformation HTTP/1.1" 200 5692 
127.0.0.1 -  -  [16/Jan/2017:14:26:00 +0000] "GET /smartmedicine/rest/medicineinformation/getIntakeTimeInformation HTTP/1.1" 200 5692 
127.0.0.1 -  -  [16/Jan/2017:14:27:00 +0000] "GET /smartmedicine/rest/medicineinformation/getIntakeTimeInformation HTTP/1.1" 200 5692 
127.0.0.1 -  -  [16/Jan/2017:14:28:00 +0000] "GET /smartmedicine/rest/medicineinformation/getIntakeTimeInformation HTTP/1.1" 200 5692 
127.0.0.1 -  -  [16/Jan/2017:14:29:00 +0000] "GET /smartmedicine/rest/medicineinformation/getIntakeTimeInformation HTTP/1.1" 200 5692 
127.0.0.1 -  -  [16/Jan/2017:14:30:00 +0000] "GET /smartmedicine/rest/medicineinformation/getIntakeTimeInformation HTTP/1.1" 200 5692 
127.0.0.1 -  -  [16/Jan/2017:14:31:00 +0000] "GET /smartmedicine/rest/medicineinformation/getIntakeTimeInformation HTTP/1.1" 200 5692 
127.0.0.1 -  -  [16/Jan/2017:14:32:00 +0000] "GET /smartmedicine/rest/medicineinformation/getIntakeTimeInformation HTTP/1.1" 200 5692 
0:0:0:0:0:0:0:1 -  -  [16/Jan/2017:14:18:50 +0000] "GET /smartmedicine/addTypeSelection.html HTTP/1.1" 304 0 
0:0:0:0:0:0:0:1 -  -  [16/Jan/2017:14:18:50 +0000] "GET /smartmedicine/css/medikamentenVerwalten.css HTTP/1.1" 304 0 
0:0:0:0:0:0:0:1 -  -  [16/Jan/2017:14:18:51 +0000] "GET /favicon.ico HTTP/1.1" 404 1410 
0:0:0:0:0:0:0:1 -  -  [16/Jan/2017:14:19:01 +0000] "GET /smartmedicine/addMedicine.html HTTP/1.1" 304 0 
127.0.0.1 -  -  [16/Jan/2017:14:19:03 +0000] "GET /smartmedicine/rest/medicineinformation/getIntakeTimeInformation HTTP/1.1" 200 5692 
127.0.0.1 -  -  [16/Jan/2017:14:20:00 +0000] "GET /smartmedicine/rest/medicineinformation/getIntakeTimeInformation HTTP/1.1" 200 5692 
127.0.0.1 -  -  [16/Jan/2017:14:21:00 +0000] "GET /smartmedicine/rest/medicineinformation/getIntakeTimeInformation HTTP/1.1" 200 5692 
127.0.0.1 -  -  [16/Jan/2017:14:22:00 +0000] "GET /smartmedicine/rest/medicineinformation/getIntakeTimeInformation HTTP/1.1" 200 5692 
127.0.0.1 -  -  [16/Jan/2017:14:23:00 +0000] "GET /smartmedicine/rest/medicineinformation/getIntakeTimeInformation HTTP/1.1" 200 5692 
127.0.0.1 -  -  [16/Jan/2017:14:24:00 +0000] "GET /smartmedicine/rest/medicineinformation/getIntakeTimeInformation HTTP/1.1" 200 5692 
127.0.0.1 -  -  [16/Jan/2017:14:25:00 +0000] "GET /smartmedicine/rest/medicineinformation/getIntakeTimeInformation HTTP/1.1" 200 5692 
127.0.0.1 -  -  [16/Jan/2017:14:26:00 +0000] "GET /smartmedicine/rest/medicineinformation/getIntakeTimeInformation HTTP/1.1" 200 5692 
127.0.0.1 -  -  [16/Jan/2017:14:27:00 +0000] "GET /smartmedicine/rest/medicineinformation/getIntakeTimeInformation HTTP/1.1" 200 5692 
127.0.0.1 -  -  [16/Jan/2017:14:28:00 +0000] "GET /smartmedicine/rest/medicineinformation/getIntakeTimeInformation HTTP/1.1" 200 5692 
127.0.0.1 -  -  [16/Jan/2017:14:29:00 +0000] "GET /smartmedicine/rest/medicineinformation/getIntakeTimeInformation HTTP/1.1" 200 5692 
127.0.0.1 -  -  [16/Jan/2017:14:30:00 +0000] "GET /smartmedicine/rest/medicineinformation/getIntakeTimeInformation HTTP/1.1" 200 5692 
127.0.0.1 -  -  [16/Jan/2017:14:31:00 +0000] "GET /smartmedicine/rest/medicineinformation/getIntakeTimeInformation HTTP/1.1" 200 5692 
127.0.0.1 -  -  [16/Jan/2017:14:32:00 +0000] "GET /smartmedicine/rest/medicineinformation/getIntakeTimeInformation HTTP/1.1" 200 5692 
127.0.0.1 -  -  [16/Jan/2017:14:33:00 +0000] "GET /smartmedicine/rest/medicineinformation/getIntakeTimeInformation HTTP/1.1" 200 5692 
127.0.0.1 -  -  [16/Jan/2017:14:34:00 +0000] "GET /smartmedicine/rest/medicineinformation/getIntakeTimeInformation HTTP/1.1" 200 5692 
127.0.0.1 -  -  [16/Jan/2017:14:35:00 +0000] "GET /smartmedicine/rest/medicineinformation/getIntakeTimeInformation HTTP/1.1" 200 5692 
127.0.0.1 -  -  [16/Jan/2017:14:36:00 +0000] "GET /smartmedicine/rest/medicineinformation/getIntakeTimeInformation HTTP/1.1" 200 5692 
127.0.0.1 -  -  [16/Jan/2017:14:37:00 +0000] "GET /smartmedicine/rest/medicineinformation/getIntakeTimeInformation HTTP/1.1" 200 5692 
127.0.0.1 -  -  [16/Jan/2017:14:38:00 +0000] "GET /smartmedicine/rest/medicineinformation/getIntakeTimeInformation HTTP/1.1" 200 5692 
127.0.0.1 -  -  [16/Jan/2017:14:39:00 +0000] "GET /smartmedicine/rest/medicineinformation/getIntakeTimeInformation HTTP/1.1" 200 5692 
127.0.0.1 -  -  [16/Jan/2017:14:40:00 +0000] "GET /smartmedicine/rest/medicineinformation/getIntakeTimeInformation HTTP/1.1" 200 5692 
127.0.0.1 -  -  [16/Jan/2017:14:41:00 +0000] "GET /smartmedicine/rest/medicineinformation/getIntakeTimeInformation HTTP/1.1" 200 5692 
127.0.0.1 -  -  [16/Jan/2017:14:42:00 +0000] "GET /smartmedicine/rest/medicineinformation/getIntakeTimeInformation HTTP/1.1" 200 5692 
127.0.0.1 -  -  [16/Jan/2017:14:43:00 +0000] "GET /smartmedicine/rest/medicineinformation/getIntakeTimeInformation HTTP/1.1" 200 5692 
127.0.0.1 -  -  [16/Jan/2017:14:44:00 +0000] "GET /smartmedicine/rest/medicineinformation/getIntakeTimeInformation HTTP/1.1" 200 5692 
127.0.0.1 -  -  [16/Jan/2017:14:45:00 +0000] "GET /smartmedicine/rest/medicineinformation/getIntakeTimeInformation HTTP/1.1" 200 5692 
                                                                                                                                       0:0:0:0:0:0:0:1 -  -  [16/Jan/2017:14:18:01 +0000] "GET /favicon.ico HTTP/1.1" 404 1410 
127.0.0.1 -  -  [16/Jan/2017:14:19:01 +0000] "GET /smartmedicine/rest/medicineinformation/getIntakeTimeInformation HTTP/1.1" 200 5692 
127.0.0.1 -  -  [18/Jan/2017:17:10:30 +0000] "GET /smartmedicine/rest/medicineinformation/getIntakeTimeInformation HTTP/1.1" 200 5692 
127.0.0.1 -  -  [18/Jan/2017:17:11:00 +0000] "GET /smartmedicine/rest/medicineinformation/getIntakeTimeInformation HTTP/1.1" 200 5692 
127.0.0.1 -  -  [18/Jan/2017:17:12:00 +0000] "GET /smartmedicine/rest/medicineinformation/getIntakeTimeInformation HTTP/1.1" 200 5692 
127.0.0.1 -  -  [18/Jan/2017:17:13:00 +0000] "GET /smartmedicine/rest/medicineinformation/getIntakeTimeInformation HTTP/1.1" 200 5692 
